18-Dec-2021 17:47:12.866 信息 [main] org.apache.catalina.startup.VersionLoggerListener.log Server.服务器版本: Apache Tomcat/8.5.73
18-Dec-2021 17:47:12.876 信息 [main] org.apache.catalina.startup.VersionLoggerListener.log 服务器构建:        Nov 11 2021 13:14:36 UTC
18-Dec-2021 17:47:12.876 信息 [main] org.apache.catalina.startup.VersionLoggerListener.log 服务器版本号:      8.5.73.0
18-Dec-2021 17:47:12.878 信息 [main] org.apache.catalina.startup.VersionLoggerListener.log 操作系统名称:      Windows 10
18-Dec-2021 17:47:12.879 信息 [main] org.apache.catalina.startup.VersionLoggerListener.log OS.版本:           10.0
18-Dec-2021 17:47:12.879 信息 [main] org.apache.catalina.startup.VersionLoggerListener.log 架构:              amd64
18-Dec-2021 17:47:12.880 信息 [main] org.apache.catalina.startup.VersionLoggerListener.log Java 环境变量:     C:\Program Files\Java\jdk-17.0.1
18-Dec-2021 17:47:12.882 信息 [main] org.apache.catalina.startup.VersionLoggerListener.log Java虚拟机版本:    17.0.1+12-LTS-39
18-Dec-2021 17:47:12.882 信息 [main] org.apache.catalina.startup.VersionLoggerListener.log JVM.供应商:        Oracle Corporation
18-Dec-2021 17:47:12.882 信息 [main] org.apache.catalina.startup.VersionLoggerListener.log CATALINA_BASE:     D:\JavaDevelop\apache-tomcat-8.5.73
18-Dec-2021 17:47:12.883 信息 [main] org.apache.catalina.startup.VersionLoggerListener.log CATALINA_HOME:     D:\JavaDevelop\apache-tomcat-8.5.73
18-Dec-2021 17:47:12.883 信息 [main] org.apache.catalina.startup.VersionLoggerListener.log 命令行参数：       --add-opens=java.base/java.lang=ALL-UNNAMED
18-Dec-2021 17:47:12.883 信息 [main] org.apache.catalina.startup.VersionLoggerListener.log 命令行参数：       --add-opens=java.base/java.io=ALL-UNNAMED
18-Dec-2021 17:47:12.884 信息 [main] org.apache.catalina.startup.VersionLoggerListener.log 命令行参数：       --add-opens=java.base/java.util=ALL-UNNAMED
18-Dec-2021 17:47:12.884 信息 [main] org.apache.catalina.startup.VersionLoggerListener.log 命令行参数：       --add-opens=java.base/java.util.concurrent=ALL-UNNAMED
18-Dec-2021 17:47:12.885 信息 [main] org.apache.catalina.startup.VersionLoggerListener.log 命令行参数：       --add-opens=java.rmi/sun.rmi.transport=ALL-UNNAMED
18-Dec-2021 17:47:12.886 信息 [main] org.apache.catalina.startup.VersionLoggerListener.log 命令行参数：       -Djava.util.logging.config.file=D:\JavaDevelop\apache-tomcat-8.5.73\conf\logging.properties
18-Dec-2021 17:47:12.886 信息 [main] org.apache.catalina.startup.VersionLoggerListener.log 命令行参数：       -Djava.util.logging.manager=org.apache.juli.ClassLoaderLogManager
18-Dec-2021 17:47:12.887 信息 [main] org.apache.catalina.startup.VersionLoggerListener.log 命令行参数：       -Djdk.tls.ephemeralDHKeySize=2048
18-Dec-2021 17:47:12.887 信息 [main] org.apache.catalina.startup.VersionLoggerListener.log 命令行参数：       -Djava.protocol.handler.pkgs=org.apache.catalina.webresources
18-Dec-2021 17:47:12.888 信息 [main] org.apache.catalina.startup.VersionLoggerListener.log 命令行参数：       -Dignore.endorsed.dirs=
18-Dec-2021 17:47:12.889 信息 [main] org.apache.catalina.startup.VersionLoggerListener.log 命令行参数：       -Dcatalina.base=D:\JavaDevelop\apache-tomcat-8.5.73
18-Dec-2021 17:47:12.889 信息 [main] org.apache.catalina.startup.VersionLoggerListener.log 命令行参数：       -Dcatalina.home=D:\JavaDevelop\apache-tomcat-8.5.73
18-Dec-2021 17:47:12.890 信息 [main] org.apache.catalina.startup.VersionLoggerListener.log 命令行参数：       -Djava.io.tmpdir=D:\JavaDevelop\apache-tomcat-8.5.73\temp
18-Dec-2021 17:47:12.899 信息 [main] org.apache.catalina.core.AprLifecycleListener.lifecycleEvent 使用APR版本[1.7.0]加载了基于APR的Apache Tomcat本机库[1.2.31]。
18-Dec-2021 17:47:12.901 信息 [main] org.apache.catalina.core.AprLifecycleListener.lifecycleEvent APR功能：IPv6[true]、sendfile[true]、accept filters[false]、random[true]。
18-Dec-2021 17:47:12.902 信息 [main] org.apache.catalina.core.AprLifecycleListener.lifecycleEvent APR/OpenSSL配置：useAprConnector[false]，useOpenSSL[true]
18-Dec-2021 17:47:12.908 信息 [main] org.apache.catalina.core.AprLifecycleListener.initializeSSL OpenSSL成功初始化 [OpenSSL 1.1.1l  24 Aug 2021]
18-Dec-2021 17:47:12.983 信息 [main] org.apache.coyote.AbstractProtocol.init 初始化协议处理器 ["http-nio-8080"]
18-Dec-2021 17:47:13.251 信息 [main] org.apache.tomcat.util.net.NioSelectorPool.getSharedSelector Using a shared selector for servlet write/read
18-Dec-2021 17:47:13.271 信息 [main] org.apache.catalina.startup.Catalina.load Initialization processed in 1123 ms
18-Dec-2021 17:47:13.358 信息 [main] org.apache.catalina.core.StandardService.startInternal 正在启动服务[Catalina]
18-Dec-2021 17:47:13.358 信息 [main] org.apache.catalina.core.StandardEngine.startInternal 正在启动 Servlet 引擎：[Apache Tomcat/8.5.73]
18-Dec-2021 17:47:13.388 信息 [localhost-startStop-1] org.apache.catalina.startup.HostConfig.deployDirectory 把web 应用程序部署到目录 [D:\JavaDevelop\apache-tomcat-8.5.73\webapps\docs]
18-Dec-2021 17:47:13.825 信息 [localhost-startStop-1] org.apache.catalina.startup.HostConfig.deployDirectory Web应用程序目录[D:\JavaDevelop\apache-tomcat-8.5.73\webapps\docs]的部署已在[431]毫秒内完成
18-Dec-2021 17:47:13.837 信息 [localhost-startStop-1] org.apache.catalina.startup.HostConfig.deployDirectory 把web 应用程序部署到目录 [D:\JavaDevelop\apache-tomcat-8.5.73\webapps\examples]
18-Dec-2021 17:47:14.264 信息 [localhost-startStop-1] org.apache.catalina.startup.HostConfig.deployDirectory Web应用程序目录[D:\JavaDevelop\apache-tomcat-8.5.73\webapps\examples]的部署已在[428]毫秒内完成
18-Dec-2021 17:47:14.270 信息 [localhost-startStop-1] org.apache.catalina.startup.HostConfig.deployDirectory 把web 应用程序部署到目录 [D:\JavaDevelop\apache-tomcat-8.5.73\webapps\host-manager]
18-Dec-2021 17:47:14.312 信息 [localhost-startStop-1] org.apache.catalina.startup.HostConfig.deployDirectory Web应用程序目录[D:\JavaDevelop\apache-tomcat-8.5.73\webapps\host-manager]的部署已在[41]毫秒内完成
18-Dec-2021 17:47:14.319 信息 [localhost-startStop-1] org.apache.catalina.startup.HostConfig.deployDirectory 把web 应用程序部署到目录 [D:\JavaDevelop\apache-tomcat-8.5.73\webapps\manager]
18-Dec-2021 17:47:14.364 信息 [localhost-startStop-1] org.apache.catalina.startup.HostConfig.deployDirectory Web应用程序目录[D:\JavaDevelop\apache-tomcat-8.5.73\webapps\manager]的部署已在[45]毫秒内完成
18-Dec-2021 17:47:14.371 信息 [localhost-startStop-1] org.apache.catalina.startup.HostConfig.deployDirectory 把web 应用程序部署到目录 [D:\JavaDevelop\apache-tomcat-8.5.73\webapps\ROOT]
18-Dec-2021 17:47:14.404 信息 [localhost-startStop-1] org.apache.catalina.startup.HostConfig.deployDirectory Web应用程序目录[D:\JavaDevelop\apache-tomcat-8.5.73\webapps\ROOT]的部署已在[33]毫秒内完成
18-Dec-2021 17:47:14.415 信息 [main] org.apache.coyote.AbstractProtocol.start 开始协议处理句柄["http-nio-8080"]
18-Dec-2021 17:47:14.433 信息 [main] org.apache.catalina.startup.Catalina.start Server startup in 1161 ms
18-Dec-2021 17:47:34.834 信息 [main] org.apache.catalina.startup.VersionLoggerListener.log Server.服务器版本: Apache Tomcat/8.5.73
18-Dec-2021 17:47:34.839 信息 [main] org.apache.catalina.startup.VersionLoggerListener.log 服务器构建:        Nov 11 2021 13:14:36 UTC
18-Dec-2021 17:47:34.839 信息 [main] org.apache.catalina.startup.VersionLoggerListener.log 服务器版本号:      8.5.73.0
18-Dec-2021 17:47:34.840 信息 [main] org.apache.catalina.startup.VersionLoggerListener.log 操作系统名称:      Windows 10
18-Dec-2021 17:47:34.840 信息 [main] org.apache.catalina.startup.VersionLoggerListener.log OS.版本:           10.0
18-Dec-2021 17:47:34.840 信息 [main] org.apache.catalina.startup.VersionLoggerListener.log 架构:              amd64
18-Dec-2021 17:47:34.841 信息 [main] org.apache.catalina.startup.VersionLoggerListener.log Java 环境变量:     C:\Program Files\Java\jdk-17.0.1
18-Dec-2021 17:47:34.841 信息 [main] org.apache.catalina.startup.VersionLoggerListener.log Java虚拟机版本:    17.0.1+12-LTS-39
18-Dec-2021 17:47:34.841 信息 [main] org.apache.catalina.startup.VersionLoggerListener.log JVM.供应商:        Oracle Corporation
18-Dec-2021 17:47:34.842 信息 [main] org.apache.catalina.startup.VersionLoggerListener.log CATALINA_BASE:     D:\JavaDevelop\apache-tomcat-8.5.73
18-Dec-2021 17:47:34.842 信息 [main] org.apache.catalina.startup.VersionLoggerListener.log CATALINA_HOME:     D:\JavaDevelop\apache-tomcat-8.5.73
18-Dec-2021 17:47:34.842 信息 [main] org.apache.catalina.startup.VersionLoggerListener.log 命令行参数：       --add-opens=java.base/java.lang=ALL-UNNAMED
18-Dec-2021 17:47:34.843 信息 [main] org.apache.catalina.startup.VersionLoggerListener.log 命令行参数：       --add-opens=java.base/java.io=ALL-UNNAMED
18-Dec-2021 17:47:34.843 信息 [main] org.apache.catalina.startup.VersionLoggerListener.log 命令行参数：       --add-opens=java.base/java.util=ALL-UNNAMED
18-Dec-2021 17:47:34.844 信息 [main] org.apache.catalina.startup.VersionLoggerListener.log 命令行参数：       --add-opens=java.base/java.util.concurrent=ALL-UNNAMED
18-Dec-2021 17:47:34.845 信息 [main] org.apache.catalina.startup.VersionLoggerListener.log 命令行参数：       --add-opens=java.rmi/sun.rmi.transport=ALL-UNNAMED
18-Dec-2021 17:47:34.845 信息 [main] org.apache.catalina.startup.VersionLoggerListener.log 命令行参数：       -Djava.util.logging.config.file=D:\JavaDevelop\apache-tomcat-8.5.73\conf\logging.properties
18-Dec-2021 17:47:34.846 信息 [main] org.apache.catalina.startup.VersionLoggerListener.log 命令行参数：       -Djava.util.logging.manager=org.apache.juli.ClassLoaderLogManager
18-Dec-2021 17:47:34.847 信息 [main] org.apache.catalina.startup.VersionLoggerListener.log 命令行参数：       -Djdk.tls.ephemeralDHKeySize=2048
18-Dec-2021 17:47:34.847 信息 [main] org.apache.catalina.startup.VersionLoggerListener.log 命令行参数：       -Djava.protocol.handler.pkgs=org.apache.catalina.webresources
18-Dec-2021 17:47:34.848 信息 [main] org.apache.catalina.startup.VersionLoggerListener.log 命令行参数：       -Dignore.endorsed.dirs=
18-Dec-2021 17:47:34.849 信息 [main] org.apache.catalina.startup.VersionLoggerListener.log 命令行参数：       -Dcatalina.base=D:\JavaDevelop\apache-tomcat-8.5.73
18-Dec-2021 17:47:34.850 信息 [main] org.apache.catalina.startup.VersionLoggerListener.log 命令行参数：       -Dcatalina.home=D:\JavaDevelop\apache-tomcat-8.5.73
18-Dec-2021 17:47:34.852 信息 [main] org.apache.catalina.startup.VersionLoggerListener.log 命令行参数：       -Djava.io.tmpdir=D:\JavaDevelop\apache-tomcat-8.5.73\temp
18-Dec-2021 17:47:34.852 信息 [main] org.apache.catalina.core.AprLifecycleListener.lifecycleEvent 使用APR版本[1.7.0]加载了基于APR的Apache Tomcat本机库[1.2.31]。
18-Dec-2021 17:47:34.853 信息 [main] org.apache.catalina.core.AprLifecycleListener.lifecycleEvent APR功能：IPv6[true]、sendfile[true]、accept filters[false]、random[true]。
18-Dec-2021 17:47:34.855 信息 [main] org.apache.catalina.core.AprLifecycleListener.lifecycleEvent APR/OpenSSL配置：useAprConnector[false]，useOpenSSL[true]
18-Dec-2021 17:47:34.861 信息 [main] org.apache.catalina.core.AprLifecycleListener.initializeSSL OpenSSL成功初始化 [OpenSSL 1.1.1l  24 Aug 2021]
18-Dec-2021 17:47:34.936 信息 [main] org.apache.coyote.AbstractProtocol.init 初始化协议处理器 ["http-nio-8080"]
18-Dec-2021 17:47:35.102 信息 [main] org.apache.tomcat.util.net.NioSelectorPool.getSharedSelector Using a shared selector for servlet write/read
18-Dec-2021 17:47:35.120 信息 [main] org.apache.catalina.startup.Catalina.load Initialization processed in 851 ms
18-Dec-2021 17:47:35.182 信息 [main] org.apache.catalina.core.StandardService.startInternal 正在启动服务[Catalina]
18-Dec-2021 17:47:35.182 信息 [main] org.apache.catalina.core.StandardEngine.startInternal 正在启动 Servlet 引擎：[Apache Tomcat/8.5.73]
18-Dec-2021 17:47:35.196 信息 [localhost-startStop-1] org.apache.catalina.startup.HostConfig.deployDirectory 把web 应用程序部署到目录 [D:\JavaDevelop\apache-tomcat-8.5.73\webapps\docs]
18-Dec-2021 17:47:35.535 信息 [localhost-startStop-1] org.apache.catalina.startup.HostConfig.deployDirectory Web应用程序目录[D:\JavaDevelop\apache-tomcat-8.5.73\webapps\docs]的部署已在[337]毫秒内完成
18-Dec-2021 17:47:35.541 信息 [localhost-startStop-1] org.apache.catalina.startup.HostConfig.deployDirectory 把web 应用程序部署到目录 [D:\JavaDevelop\apache-tomcat-8.5.73\webapps\examples]
18-Dec-2021 17:47:35.976 信息 [localhost-startStop-1] org.apache.catalina.startup.HostConfig.deployDirectory Web应用程序目录[D:\JavaDevelop\apache-tomcat-8.5.73\webapps\examples]的部署已在[435]毫秒内完成
18-Dec-2021 17:47:35.989 信息 [localhost-startStop-1] org.apache.catalina.startup.HostConfig.deployDirectory 把web 应用程序部署到目录 [D:\JavaDevelop\apache-tomcat-8.5.73\webapps\host-manager]
18-Dec-2021 17:47:36.032 信息 [localhost-startStop-1] org.apache.catalina.startup.HostConfig.deployDirectory Web应用程序目录[D:\JavaDevelop\apache-tomcat-8.5.73\webapps\host-manager]的部署已在[42]毫秒内完成
18-Dec-2021 17:47:36.033 信息 [localhost-startStop-1] org.apache.catalina.startup.HostConfig.deployDirectory 把web 应用程序部署到目录 [D:\JavaDevelop\apache-tomcat-8.5.73\webapps\manager]
18-Dec-2021 17:47:36.072 信息 [localhost-startStop-1] org.apache.catalina.startup.HostConfig.deployDirectory Web应用程序目录[D:\JavaDevelop\apache-tomcat-8.5.73\webapps\manager]的部署已在[39]毫秒内完成
18-Dec-2021 17:47:36.073 信息 [localhost-startStop-1] org.apache.catalina.startup.HostConfig.deployDirectory 把web 应用程序部署到目录 [D:\JavaDevelop\apache-tomcat-8.5.73\webapps\ROOT]
18-Dec-2021 17:47:36.098 信息 [localhost-startStop-1] org.apache.catalina.startup.HostConfig.deployDirectory Web应用程序目录[D:\JavaDevelop\apache-tomcat-8.5.73\webapps\ROOT]的部署已在[24]毫秒内完成
18-Dec-2021 17:47:36.102 信息 [main] org.apache.coyote.AbstractProtocol.start 开始协议处理句柄["http-nio-8080"]
18-Dec-2021 17:47:36.126 信息 [main] org.apache.catalina.startup.Catalina.start Server startup in 1005 ms
18-Dec-2021 17:48:42.460 严重 [main] org.apache.catalina.startup.Catalina.stopServer Could not contact [localhost:8005]. Tomcat may not be running.
18-Dec-2021 17:50:47.158 信息 [main] org.apache.catalina.startup.VersionLoggerListener.log Server.服务器版本: Apache Tomcat/8.5.73
18-Dec-2021 17:50:47.164 信息 [main] org.apache.catalina.startup.VersionLoggerListener.log 服务器构建:        Nov 11 2021 13:14:36 UTC
18-Dec-2021 17:50:47.164 信息 [main] org.apache.catalina.startup.VersionLoggerListener.log 服务器版本号:      8.5.73.0
18-Dec-2021 17:50:47.164 信息 [main] org.apache.catalina.startup.VersionLoggerListener.log 操作系统名称:      Windows 10
18-Dec-2021 17:50:47.165 信息 [main] org.apache.catalina.startup.VersionLoggerListener.log OS.版本:           10.0
18-Dec-2021 17:50:47.165 信息 [main] org.apache.catalina.startup.VersionLoggerListener.log 架构:              amd64
18-Dec-2021 17:50:47.165 信息 [main] org.apache.catalina.startup.VersionLoggerListener.log Java 环境变量:     C:\Program Files\Java\jdk-17.0.1
18-Dec-2021 17:50:47.165 信息 [main] org.apache.catalina.startup.VersionLoggerListener.log Java虚拟机版本:    17.0.1+12-LTS-39
18-Dec-2021 17:50:47.166 信息 [main] org.apache.catalina.startup.VersionLoggerListener.log JVM.供应商:        Oracle Corporation
18-Dec-2021 17:50:47.166 信息 [main] org.apache.catalina.startup.VersionLoggerListener.log CATALINA_BASE:     D:\JavaDevelop\apache-tomcat-8.5.73
18-Dec-2021 17:50:47.166 信息 [main] org.apache.catalina.startup.VersionLoggerListener.log CATALINA_HOME:     D:\JavaDevelop\apache-tomcat-8.5.73
18-Dec-2021 17:50:47.167 信息 [main] org.apache.catalina.startup.VersionLoggerListener.log 命令行参数：       --add-opens=java.base/java.lang=ALL-UNNAMED
18-Dec-2021 17:50:47.167 信息 [main] org.apache.catalina.startup.VersionLoggerListener.log 命令行参数：       --add-opens=java.base/java.io=ALL-UNNAMED
18-Dec-2021 17:50:47.167 信息 [main] org.apache.catalina.startup.VersionLoggerListener.log 命令行参数：       --add-opens=java.base/java.util=ALL-UNNAMED
18-Dec-2021 17:50:47.168 信息 [main] org.apache.catalina.startup.VersionLoggerListener.log 命令行参数：       --add-opens=java.base/java.util.concurrent=ALL-UNNAMED
18-Dec-2021 17:50:47.168 信息 [main] org.apache.catalina.startup.VersionLoggerListener.log 命令行参数：       --add-opens=java.rmi/sun.rmi.transport=ALL-UNNAMED
18-Dec-2021 17:50:47.168 信息 [main] org.apache.catalina.startup.VersionLoggerListener.log 命令行参数：       -Djava.util.logging.config.file=D:\JavaDevelop\apache-tomcat-8.5.73\conf\logging.properties
18-Dec-2021 17:50:47.168 信息 [main] org.apache.catalina.startup.VersionLoggerListener.log 命令行参数：       -Djava.util.logging.manager=org.apache.juli.ClassLoaderLogManager
18-Dec-2021 17:50:47.169 信息 [main] org.apache.catalina.startup.VersionLoggerListener.log 命令行参数：       -Djdk.tls.ephemeralDHKeySize=2048
18-Dec-2021 17:50:47.169 信息 [main] org.apache.catalina.startup.VersionLoggerListener.log 命令行参数：       -Djava.protocol.handler.pkgs=org.apache.catalina.webresources
18-Dec-2021 17:50:47.169 信息 [main] org.apache.catalina.startup.VersionLoggerListener.log 命令行参数：       -Dignore.endorsed.dirs=
18-Dec-2021 17:50:47.169 信息 [main] org.apache.catalina.startup.VersionLoggerListener.log 命令行参数：       -Dcatalina.base=D:\JavaDevelop\apache-tomcat-8.5.73
18-Dec-2021 17:50:47.170 信息 [main] org.apache.catalina.startup.VersionLoggerListener.log 命令行参数：       -Dcatalina.home=D:\JavaDevelop\apache-tomcat-8.5.73
18-Dec-2021 17:50:47.170 信息 [main] org.apache.catalina.startup.VersionLoggerListener.log 命令行参数：       -Djava.io.tmpdir=D:\JavaDevelop\apache-tomcat-8.5.73\temp
18-Dec-2021 17:50:47.170 信息 [main] org.apache.catalina.core.AprLifecycleListener.lifecycleEvent 使用APR版本[1.7.0]加载了基于APR的Apache Tomcat本机库[1.2.31]。
18-Dec-2021 17:50:47.170 信息 [main] org.apache.catalina.core.AprLifecycleListener.lifecycleEvent APR功能：IPv6[true]、sendfile[true]、accept filters[false]、random[true]。
18-Dec-2021 17:50:47.171 信息 [main] org.apache.catalina.core.AprLifecycleListener.lifecycleEvent APR/OpenSSL配置：useAprConnector[false]，useOpenSSL[true]
18-Dec-2021 17:50:47.179 信息 [main] org.apache.catalina.core.AprLifecycleListener.initializeSSL OpenSSL成功初始化 [OpenSSL 1.1.1l  24 Aug 2021]
18-Dec-2021 17:50:47.279 信息 [main] org.apache.coyote.AbstractProtocol.init 初始化协议处理器 ["http-nio-8080"]
18-Dec-2021 17:50:47.458 信息 [main] org.apache.tomcat.util.net.NioSelectorPool.getSharedSelector Using a shared selector for servlet write/read
18-Dec-2021 17:50:47.483 信息 [main] org.apache.catalina.startup.Catalina.load Initialization processed in 946 ms
18-Dec-2021 17:50:47.548 信息 [main] org.apache.catalina.core.StandardService.startInternal 正在启动服务[Catalina]
18-Dec-2021 17:50:47.548 信息 [main] org.apache.catalina.core.StandardEngine.startInternal 正在启动 Servlet 引擎：[Apache Tomcat/8.5.73]
18-Dec-2021 17:50:47.566 信息 [localhost-startStop-1] org.apache.catalina.startup.HostConfig.deployDirectory 把web 应用程序部署到目录 [D:\JavaDevelop\apache-tomcat-8.5.73\webapps\docs]
18-Dec-2021 17:50:47.957 信息 [localhost-startStop-1] org.apache.catalina.startup.HostConfig.deployDirectory Web应用程序目录[D:\JavaDevelop\apache-tomcat-8.5.73\webapps\docs]的部署已在[387]毫秒内完成
18-Dec-2021 17:50:47.981 信息 [localhost-startStop-1] org.apache.catalina.startup.HostConfig.deployDirectory 把web 应用程序部署到目录 [D:\JavaDevelop\apache-tomcat-8.5.73\webapps\examples]
18-Dec-2021 17:50:48.450 信息 [localhost-startStop-1] org.apache.catalina.startup.HostConfig.deployDirectory Web应用程序目录[D:\JavaDevelop\apache-tomcat-8.5.73\webapps\examples]的部署已在[469]毫秒内完成
18-Dec-2021 17:50:48.476 信息 [localhost-startStop-1] org.apache.catalina.startup.HostConfig.deployDirectory 把web 应用程序部署到目录 [D:\JavaDevelop\apache-tomcat-8.5.73\webapps\host-manager]
18-Dec-2021 17:50:48.524 信息 [localhost-startStop-1] org.apache.catalina.startup.HostConfig.deployDirectory Web应用程序目录[D:\JavaDevelop\apache-tomcat-8.5.73\webapps\host-manager]的部署已在[48]毫秒内完成
18-Dec-2021 17:50:48.548 信息 [localhost-startStop-1] org.apache.catalina.startup.HostConfig.deployDirectory 把web 应用程序部署到目录 [D:\JavaDevelop\apache-tomcat-8.5.73\webapps\manager]
18-Dec-2021 17:50:48.595 信息 [localhost-startStop-1] org.apache.catalina.startup.HostConfig.deployDirectory Web应用程序目录[D:\JavaDevelop\apache-tomcat-8.5.73\webapps\manager]的部署已在[45]毫秒内完成
18-Dec-2021 17:50:48.618 信息 [localhost-startStop-1] org.apache.catalina.startup.HostConfig.deployDirectory 把web 应用程序部署到目录 [D:\JavaDevelop\apache-tomcat-8.5.73\webapps\ROOT]
18-Dec-2021 17:50:48.649 信息 [localhost-startStop-1] org.apache.catalina.startup.HostConfig.deployDirectory Web应用程序目录[D:\JavaDevelop\apache-tomcat-8.5.73\webapps\ROOT]的部署已在[32]毫秒内完成
18-Dec-2021 17:50:48.654 信息 [main] org.apache.coyote.AbstractProtocol.start 开始协议处理句柄["http-nio-8080"]
18-Dec-2021 17:50:48.691 信息 [main] org.apache.catalina.startup.Catalina.start Server startup in 1207 ms
18-Dec-2021 17:51:26.011 信息 [main] org.apache.catalina.startup.VersionLoggerListener.log Server.服务器版本: Apache Tomcat/8.5.73
18-Dec-2021 17:51:26.017 信息 [main] org.apache.catalina.startup.VersionLoggerListener.log 服务器构建:        Nov 11 2021 13:14:36 UTC
18-Dec-2021 17:51:26.017 信息 [main] org.apache.catalina.startup.VersionLoggerListener.log 服务器版本号:      8.5.73.0
18-Dec-2021 17:51:26.018 信息 [main] org.apache.catalina.startup.VersionLoggerListener.log 操作系统名称:      Windows 10
18-Dec-2021 17:51:26.018 信息 [main] org.apache.catalina.startup.VersionLoggerListener.log OS.版本:           10.0
18-Dec-2021 17:51:26.018 信息 [main] org.apache.catalina.startup.VersionLoggerListener.log 架构:              amd64
18-Dec-2021 17:51:26.019 信息 [main] org.apache.catalina.startup.VersionLoggerListener.log Java 环境变量:     C:\Program Files\Java\jdk-17.0.1
18-Dec-2021 17:51:26.019 信息 [main] org.apache.catalina.startup.VersionLoggerListener.log Java虚拟机版本:    17.0.1+12-LTS-39
18-Dec-2021 17:51:26.019 信息 [main] org.apache.catalina.startup.VersionLoggerListener.log JVM.供应商:        Oracle Corporation
18-Dec-2021 17:51:26.020 信息 [main] org.apache.catalina.startup.VersionLoggerListener.log CATALINA_BASE:     D:\JavaDevelop\apache-tomcat-8.5.73
18-Dec-2021 17:51:26.020 信息 [main] org.apache.catalina.startup.VersionLoggerListener.log CATALINA_HOME:     D:\JavaDevelop\apache-tomcat-8.5.73
18-Dec-2021 17:51:26.021 信息 [main] org.apache.catalina.startup.VersionLoggerListener.log 命令行参数：       --add-opens=java.base/java.lang=ALL-UNNAMED
18-Dec-2021 17:51:26.021 信息 [main] org.apache.catalina.startup.VersionLoggerListener.log 命令行参数：       --add-opens=java.base/java.io=ALL-UNNAMED
18-Dec-2021 17:51:26.021 信息 [main] org.apache.catalina.startup.VersionLoggerListener.log 命令行参数：       --add-opens=java.base/java.util=ALL-UNNAMED
18-Dec-2021 17:51:26.021 信息 [main] org.apache.catalina.startup.VersionLoggerListener.log 命令行参数：       --add-opens=java.base/java.util.concurrent=ALL-UNNAMED
18-Dec-2021 17:51:26.022 信息 [main] org.apache.catalina.startup.VersionLoggerListener.log 命令行参数：       --add-opens=java.rmi/sun.rmi.transport=ALL-UNNAMED
18-Dec-2021 17:51:26.022 信息 [main] org.apache.catalina.startup.VersionLoggerListener.log 命令行参数：       -Djava.util.logging.config.file=D:\JavaDevelop\apache-tomcat-8.5.73\conf\logging.properties
18-Dec-2021 17:51:26.023 信息 [main] org.apache.catalina.startup.VersionLoggerListener.log 命令行参数：       -Djava.util.logging.manager=org.apache.juli.ClassLoaderLogManager
18-Dec-2021 17:51:26.023 信息 [main] org.apache.catalina.startup.VersionLoggerListener.log 命令行参数：       -Djdk.tls.ephemeralDHKeySize=2048
18-Dec-2021 17:51:26.023 信息 [main] org.apache.catalina.startup.VersionLoggerListener.log 命令行参数：       -Djava.protocol.handler.pkgs=org.apache.catalina.webresources
18-Dec-2021 17:51:26.023 信息 [main] org.apache.catalina.startup.VersionLoggerListener.log 命令行参数：       -Dignore.endorsed.dirs=
18-Dec-2021 17:51:26.024 信息 [main] org.apache.catalina.startup.VersionLoggerListener.log 命令行参数：       -Dcatalina.base=D:\JavaDevelop\apache-tomcat-8.5.73
18-Dec-2021 17:51:26.024 信息 [main] org.apache.catalina.startup.VersionLoggerListener.log 命令行参数：       -Dcatalina.home=D:\JavaDevelop\apache-tomcat-8.5.73
18-Dec-2021 17:51:26.024 信息 [main] org.apache.catalina.startup.VersionLoggerListener.log 命令行参数：       -Djava.io.tmpdir=D:\JavaDevelop\apache-tomcat-8.5.73\temp
18-Dec-2021 17:51:26.024 信息 [main] org.apache.catalina.core.AprLifecycleListener.lifecycleEvent 使用APR版本[1.7.0]加载了基于APR的Apache Tomcat本机库[1.2.31]。
18-Dec-2021 17:51:26.025 信息 [main] org.apache.catalina.core.AprLifecycleListener.lifecycleEvent APR功能：IPv6[true]、sendfile[true]、accept filters[false]、random[true]。
18-Dec-2021 17:51:26.025 信息 [main] org.apache.catalina.core.AprLifecycleListener.lifecycleEvent APR/OpenSSL配置：useAprConnector[false]，useOpenSSL[true]
18-Dec-2021 17:51:26.033 信息 [main] org.apache.catalina.core.AprLifecycleListener.initializeSSL OpenSSL成功初始化 [OpenSSL 1.1.1l  24 Aug 2021]
18-Dec-2021 17:51:26.130 信息 [main] org.apache.coyote.AbstractProtocol.init 初始化协议处理器 ["http-nio-8080"]
18-Dec-2021 17:51:26.284 信息 [main] org.apache.tomcat.util.net.NioSelectorPool.getSharedSelector Using a shared selector for servlet write/read
18-Dec-2021 17:51:26.297 信息 [main] org.apache.catalina.startup.Catalina.load Initialization processed in 862 ms
18-Dec-2021 17:51:26.361 信息 [main] org.apache.catalina.core.StandardService.startInternal 正在启动服务[Catalina]
18-Dec-2021 17:51:26.361 信息 [main] org.apache.catalina.core.StandardEngine.startInternal 正在启动 Servlet 引擎：[Apache Tomcat/8.5.73]
18-Dec-2021 17:51:26.376 信息 [localhost-startStop-1] org.apache.catalina.startup.HostConfig.deployDirectory 把web 应用程序部署到目录 [D:\JavaDevelop\apache-tomcat-8.5.73\webapps\docs]
18-Dec-2021 17:51:26.739 信息 [localhost-startStop-1] org.apache.catalina.startup.HostConfig.deployDirectory Web应用程序目录[D:\JavaDevelop\apache-tomcat-8.5.73\webapps\docs]的部署已在[361]毫秒内完成
18-Dec-2021 17:51:26.759 信息 [localhost-startStop-1] org.apache.catalina.startup.HostConfig.deployDirectory 把web 应用程序部署到目录 [D:\JavaDevelop\apache-tomcat-8.5.73\webapps\examples]
18-Dec-2021 17:51:27.168 信息 [localhost-startStop-1] org.apache.catalina.startup.HostConfig.deployDirectory Web应用程序目录[D:\JavaDevelop\apache-tomcat-8.5.73\webapps\examples]的部署已在[408]毫秒内完成
18-Dec-2021 17:51:27.191 信息 [localhost-startStop-1] org.apache.catalina.startup.HostConfig.deployDirectory 把web 应用程序部署到目录 [D:\JavaDevelop\apache-tomcat-8.5.73\webapps\host-manager]
18-Dec-2021 17:51:27.239 信息 [localhost-startStop-1] org.apache.catalina.startup.HostConfig.deployDirectory Web应用程序目录[D:\JavaDevelop\apache-tomcat-8.5.73\webapps\host-manager]的部署已在[47]毫秒内完成
18-Dec-2021 17:51:27.261 信息 [localhost-startStop-1] org.apache.catalina.startup.HostConfig.deployDirectory 把web 应用程序部署到目录 [D:\JavaDevelop\apache-tomcat-8.5.73\webapps\manager]
18-Dec-2021 17:51:27.304 信息 [localhost-startStop-1] org.apache.catalina.startup.HostConfig.deployDirectory Web应用程序目录[D:\JavaDevelop\apache-tomcat-8.5.73\webapps\manager]的部署已在[44]毫秒内完成
18-Dec-2021 17:51:27.330 信息 [localhost-startStop-1] org.apache.catalina.startup.HostConfig.deployDirectory 把web 应用程序部署到目录 [D:\JavaDevelop\apache-tomcat-8.5.73\webapps\ROOT]
18-Dec-2021 17:51:27.359 信息 [localhost-startStop-1] org.apache.catalina.startup.HostConfig.deployDirectory Web应用程序目录[D:\JavaDevelop\apache-tomcat-8.5.73\webapps\ROOT]的部署已在[29]毫秒内完成
18-Dec-2021 17:51:27.364 信息 [main] org.apache.coyote.AbstractProtocol.start 开始协议处理句柄["http-nio-8080"]
18-Dec-2021 17:51:27.408 信息 [main] org.apache.catalina.startup.Catalina.start Server startup in 1109 ms
18-Dec-2021 17:52:24.179 信息 [main] org.apache.catalina.startup.VersionLoggerListener.log Server.服务器版本: Apache Tomcat/8.5.73
18-Dec-2021 17:52:24.183 信息 [main] org.apache.catalina.startup.VersionLoggerListener.log 服务器构建:        Nov 11 2021 13:14:36 UTC
18-Dec-2021 17:52:24.184 信息 [main] org.apache.catalina.startup.VersionLoggerListener.log 服务器版本号:      8.5.73.0
18-Dec-2021 17:52:24.184 信息 [main] org.apache.catalina.startup.VersionLoggerListener.log 操作系统名称:      Windows 10
18-Dec-2021 17:52:24.185 信息 [main] org.apache.catalina.startup.VersionLoggerListener.log OS.版本:           10.0
18-Dec-2021 17:52:24.185 信息 [main] org.apache.catalina.startup.VersionLoggerListener.log 架构:              amd64
18-Dec-2021 17:52:24.185 信息 [main] org.apache.catalina.startup.VersionLoggerListener.log Java 环境变量:     C:\Program Files\Java\jdk-17.0.1
18-Dec-2021 17:52:24.185 信息 [main] org.apache.catalina.startup.VersionLoggerListener.log Java虚拟机版本:    17.0.1+12-LTS-39
18-Dec-2021 17:52:24.186 信息 [main] org.apache.catalina.startup.VersionLoggerListener.log JVM.供应商:        Oracle Corporation
18-Dec-2021 17:52:24.186 信息 [main] org.apache.catalina.startup.VersionLoggerListener.log CATALINA_BASE:     D:\JavaDevelop\apache-tomcat-8.5.73
18-Dec-2021 17:52:24.186 信息 [main] org.apache.catalina.startup.VersionLoggerListener.log CATALINA_HOME:     D:\JavaDevelop\apache-tomcat-8.5.73
18-Dec-2021 17:52:24.187 信息 [main] org.apache.catalina.startup.VersionLoggerListener.log 命令行参数：       --add-opens=java.base/java.lang=ALL-UNNAMED
18-Dec-2021 17:52:24.187 信息 [main] org.apache.catalina.startup.VersionLoggerListener.log 命令行参数：       --add-opens=java.base/java.io=ALL-UNNAMED
18-Dec-2021 17:52:24.187 信息 [main] org.apache.catalina.startup.VersionLoggerListener.log 命令行参数：       --add-opens=java.base/java.util=ALL-UNNAMED
18-Dec-2021 17:52:24.188 信息 [main] org.apache.catalina.startup.VersionLoggerListener.log 命令行参数：       --add-opens=java.base/java.util.concurrent=ALL-UNNAMED
18-Dec-2021 17:52:24.188 信息 [main] org.apache.catalina.startup.VersionLoggerListener.log 命令行参数：       --add-opens=java.rmi/sun.rmi.transport=ALL-UNNAMED
18-Dec-2021 17:52:24.188 信息 [main] org.apache.catalina.startup.VersionLoggerListener.log 命令行参数：       -Djava.util.logging.config.file=D:\JavaDevelop\apache-tomcat-8.5.73\conf\logging.properties
18-Dec-2021 17:52:24.188 信息 [main] org.apache.catalina.startup.VersionLoggerListener.log 命令行参数：       -Djava.util.logging.manager=org.apache.juli.ClassLoaderLogManager
18-Dec-2021 17:52:24.189 信息 [main] org.apache.catalina.startup.VersionLoggerListener.log 命令行参数：       -Djdk.tls.ephemeralDHKeySize=2048
18-Dec-2021 17:52:24.189 信息 [main] org.apache.catalina.startup.VersionLoggerListener.log 命令行参数：       -Djava.protocol.handler.pkgs=org.apache.catalina.webresources
18-Dec-2021 17:52:24.189 信息 [main] org.apache.catalina.startup.VersionLoggerListener.log 命令行参数：       -Dignore.endorsed.dirs=
18-Dec-2021 17:52:24.189 信息 [main] org.apache.catalina.startup.VersionLoggerListener.log 命令行参数：       -Dcatalina.base=D:\JavaDevelop\apache-tomcat-8.5.73
18-Dec-2021 17:52:24.190 信息 [main] org.apache.catalina.startup.VersionLoggerListener.log 命令行参数：       -Dcatalina.home=D:\JavaDevelop\apache-tomcat-8.5.73
18-Dec-2021 17:52:24.190 信息 [main] org.apache.catalina.startup.VersionLoggerListener.log 命令行参数：       -Djava.io.tmpdir=D:\JavaDevelop\apache-tomcat-8.5.73\temp
18-Dec-2021 17:52:24.190 信息 [main] org.apache.catalina.core.AprLifecycleListener.lifecycleEvent 使用APR版本[1.7.0]加载了基于APR的Apache Tomcat本机库[1.2.31]。
18-Dec-2021 17:52:24.191 信息 [main] org.apache.catalina.core.AprLifecycleListener.lifecycleEvent APR功能：IPv6[true]、sendfile[true]、accept filters[false]、random[true]。
18-Dec-2021 17:52:24.191 信息 [main] org.apache.catalina.core.AprLifecycleListener.lifecycleEvent APR/OpenSSL配置：useAprConnector[false]，useOpenSSL[true]
18-Dec-2021 17:52:24.197 信息 [main] org.apache.catalina.core.AprLifecycleListener.initializeSSL OpenSSL成功初始化 [OpenSSL 1.1.1l  24 Aug 2021]
18-Dec-2021 17:52:24.296 信息 [main] org.apache.coyote.AbstractProtocol.init 初始化协议处理器 ["http-nio-8080"]
18-Dec-2021 17:52:24.455 信息 [main] org.apache.tomcat.util.net.NioSelectorPool.getSharedSelector Using a shared selector for servlet write/read
18-Dec-2021 17:52:24.472 信息 [main] org.apache.catalina.startup.Catalina.load Initialization processed in 843 ms
18-Dec-2021 17:52:24.527 信息 [main] org.apache.catalina.core.StandardService.startInternal 正在启动服务[Catalina]
18-Dec-2021 17:52:24.527 信息 [main] org.apache.catalina.core.StandardEngine.startInternal 正在启动 Servlet 引擎：[Apache Tomcat/8.5.73]
18-Dec-2021 17:52:24.547 信息 [localhost-startStop-1] org.apache.catalina.startup.HostConfig.deployDirectory 把web 应用程序部署到目录 [D:\JavaDevelop\apache-tomcat-8.5.73\webapps\docs]
18-Dec-2021 17:52:24.901 信息 [localhost-startStop-1] org.apache.catalina.startup.HostConfig.deployDirectory Web应用程序目录[D:\JavaDevelop\apache-tomcat-8.5.73\webapps\docs]的部署已在[352]毫秒内完成
18-Dec-2021 17:52:24.926 信息 [localhost-startStop-1] org.apache.catalina.startup.HostConfig.deployDirectory 把web 应用程序部署到目录 [D:\JavaDevelop\apache-tomcat-8.5.73\webapps\examples]
18-Dec-2021 17:52:25.344 信息 [localhost-startStop-1] org.apache.catalina.startup.HostConfig.deployDirectory Web应用程序目录[D:\JavaDevelop\apache-tomcat-8.5.73\webapps\examples]的部署已在[418]毫秒内完成
18-Dec-2021 17:52:25.363 信息 [localhost-startStop-1] org.apache.catalina.startup.HostConfig.deployDirectory 把web 应用程序部署到目录 [D:\JavaDevelop\apache-tomcat-8.5.73\webapps\host-manager]
18-Dec-2021 17:52:25.401 信息 [localhost-startStop-1] org.apache.catalina.startup.HostConfig.deployDirectory Web应用程序目录[D:\JavaDevelop\apache-tomcat-8.5.73\webapps\host-manager]的部署已在[38]毫秒内完成
18-Dec-2021 17:52:25.419 信息 [localhost-startStop-1] org.apache.catalina.startup.HostConfig.deployDirectory 把web 应用程序部署到目录 [D:\JavaDevelop\apache-tomcat-8.5.73\webapps\manager]
18-Dec-2021 17:52:25.455 信息 [localhost-startStop-1] org.apache.catalina.startup.HostConfig.deployDirectory Web应用程序目录[D:\JavaDevelop\apache-tomcat-8.5.73\webapps\manager]的部署已在[36]毫秒内完成
18-Dec-2021 17:52:25.478 信息 [localhost-startStop-1] org.apache.catalina.startup.HostConfig.deployDirectory 把web 应用程序部署到目录 [D:\JavaDevelop\apache-tomcat-8.5.73\webapps\ROOT]
18-Dec-2021 17:52:25.504 信息 [localhost-startStop-1] org.apache.catalina.startup.HostConfig.deployDirectory Web应用程序目录[D:\JavaDevelop\apache-tomcat-8.5.73\webapps\ROOT]的部署已在[26]毫秒内完成
18-Dec-2021 17:52:25.509 信息 [main] org.apache.coyote.AbstractProtocol.start 开始协议处理句柄["http-nio-8080"]
18-Dec-2021 17:52:25.533 信息 [main] org.apache.catalina.startup.Catalina.start Server startup in 1060 ms
18-Dec-2021 17:56:12.972 严重 [main] org.apache.catalina.startup.Catalina.stopServer Could not contact [localhost:8005]. Tomcat may not be running.
18-Dec-2021 17:56:16.683 信息 [main] org.apache.catalina.startup.VersionLoggerListener.log Server.服务器版本: Apache Tomcat/8.5.73
18-Dec-2021 17:56:16.688 信息 [main] org.apache.catalina.startup.VersionLoggerListener.log 服务器构建:        Nov 11 2021 13:14:36 UTC
18-Dec-2021 17:56:16.688 信息 [main] org.apache.catalina.startup.VersionLoggerListener.log 服务器版本号:      8.5.73.0
18-Dec-2021 17:56:16.690 信息 [main] org.apache.catalina.startup.VersionLoggerListener.log 操作系统名称:      Windows 10
18-Dec-2021 17:56:16.690 信息 [main] org.apache.catalina.startup.VersionLoggerListener.log OS.版本:           10.0
18-Dec-2021 17:56:16.691 信息 [main] org.apache.catalina.startup.VersionLoggerListener.log 架构:              amd64
18-Dec-2021 17:56:16.691 信息 [main] org.apache.catalina.startup.VersionLoggerListener.log Java 环境变量:     C:\Program Files\Java\jdk-17.0.1
18-Dec-2021 17:56:16.692 信息 [main] org.apache.catalina.startup.VersionLoggerListener.log Java虚拟机版本:    17.0.1+12-LTS-39
18-Dec-2021 17:56:16.692 信息 [main] org.apache.catalina.startup.VersionLoggerListener.log JVM.供应商:        Oracle Corporation
18-Dec-2021 17:56:16.693 信息 [main] org.apache.catalina.startup.VersionLoggerListener.log CATALINA_BASE:     D:\JavaDevelop\apache-tomcat-8.5.73
18-Dec-2021 17:56:16.693 信息 [main] org.apache.catalina.startup.VersionLoggerListener.log CATALINA_HOME:     D:\JavaDevelop\apache-tomcat-8.5.73
18-Dec-2021 17:56:16.693 信息 [main] org.apache.catalina.startup.VersionLoggerListener.log 命令行参数：       --add-opens=java.base/java.lang=ALL-UNNAMED
18-Dec-2021 17:56:16.693 信息 [main] org.apache.catalina.startup.VersionLoggerListener.log 命令行参数：       --add-opens=java.base/java.io=ALL-UNNAMED
18-Dec-2021 17:56:16.694 信息 [main] org.apache.catalina.startup.VersionLoggerListener.log 命令行参数：       --add-opens=java.base/java.util=ALL-UNNAMED
18-Dec-2021 17:56:16.694 信息 [main] org.apache.catalina.startup.VersionLoggerListener.log 命令行参数：       --add-opens=java.base/java.util.concurrent=ALL-UNNAMED
18-Dec-2021 17:56:16.694 信息 [main] org.apache.catalina.startup.VersionLoggerListener.log 命令行参数：       --add-opens=java.rmi/sun.rmi.transport=ALL-UNNAMED
18-Dec-2021 17:56:16.694 信息 [main] org.apache.catalina.startup.VersionLoggerListener.log 命令行参数：       -Djava.util.logging.config.file=D:\JavaDevelop\apache-tomcat-8.5.73\conf\logging.properties
18-Dec-2021 17:56:16.695 信息 [main] org.apache.catalina.startup.VersionLoggerListener.log 命令行参数：       -Djava.util.logging.manager=org.apache.juli.ClassLoaderLogManager
18-Dec-2021 17:56:16.695 信息 [main] org.apache.catalina.startup.VersionLoggerListener.log 命令行参数：       -Djdk.tls.ephemeralDHKeySize=2048
18-Dec-2021 17:56:16.695 信息 [main] org.apache.catalina.startup.VersionLoggerListener.log 命令行参数：       -Djava.protocol.handler.pkgs=org.apache.catalina.webresources
18-Dec-2021 17:56:16.695 信息 [main] org.apache.catalina.startup.VersionLoggerListener.log 命令行参数：       -Dignore.endorsed.dirs=
18-Dec-2021 17:56:16.695 信息 [main] org.apache.catalina.startup.VersionLoggerListener.log 命令行参数：       -Dcatalina.base=D:\JavaDevelop\apache-tomcat-8.5.73
18-Dec-2021 17:56:16.696 信息 [main] org.apache.catalina.startup.VersionLoggerListener.log 命令行参数：       -Dcatalina.home=D:\JavaDevelop\apache-tomcat-8.5.73
18-Dec-2021 17:56:16.696 信息 [main] org.apache.catalina.startup.VersionLoggerListener.log 命令行参数：       -Djava.io.tmpdir=D:\JavaDevelop\apache-tomcat-8.5.73\temp
18-Dec-2021 17:56:16.696 信息 [main] org.apache.catalina.core.AprLifecycleListener.lifecycleEvent 使用APR版本[1.7.0]加载了基于APR的Apache Tomcat本机库[1.2.31]。
18-Dec-2021 17:56:16.697 信息 [main] org.apache.catalina.core.AprLifecycleListener.lifecycleEvent APR功能：IPv6[true]、sendfile[true]、accept filters[false]、random[true]。
18-Dec-2021 17:56:16.697 信息 [main] org.apache.catalina.core.AprLifecycleListener.lifecycleEvent APR/OpenSSL配置：useAprConnector[false]，useOpenSSL[true]
18-Dec-2021 17:56:16.702 信息 [main] org.apache.catalina.core.AprLifecycleListener.initializeSSL OpenSSL成功初始化 [OpenSSL 1.1.1l  24 Aug 2021]
18-Dec-2021 17:56:16.796 信息 [main] org.apache.coyote.AbstractProtocol.init 初始化协议处理器 ["http-nio-8080"]
18-Dec-2021 17:56:16.964 信息 [main] org.apache.tomcat.util.net.NioSelectorPool.getSharedSelector Using a shared selector for servlet write/read
18-Dec-2021 17:56:16.982 信息 [main] org.apache.catalina.startup.Catalina.load Initialization processed in 879 ms
18-Dec-2021 17:56:17.039 信息 [main] org.apache.catalina.core.StandardService.startInternal 正在启动服务[Catalina]
18-Dec-2021 17:56:17.040 信息 [main] org.apache.catalina.core.StandardEngine.startInternal 正在启动 Servlet 引擎：[Apache Tomcat/8.5.73]
18-Dec-2021 17:56:17.055 信息 [localhost-startStop-1] org.apache.catalina.startup.HostConfig.deployDirectory 把web 应用程序部署到目录 [D:\JavaDevelop\apache-tomcat-8.5.73\webapps\docs]
18-Dec-2021 17:56:17.410 信息 [localhost-startStop-1] org.apache.catalina.startup.HostConfig.deployDirectory Web应用程序目录[D:\JavaDevelop\apache-tomcat-8.5.73\webapps\docs]的部署已在[352]毫秒内完成
18-Dec-2021 17:56:17.434 信息 [localhost-startStop-1] org.apache.catalina.startup.HostConfig.deployDirectory 把web 应用程序部署到目录 [D:\JavaDevelop\apache-tomcat-8.5.73\webapps\examples]
18-Dec-2021 17:56:17.858 信息 [localhost-startStop-1] org.apache.catalina.startup.HostConfig.deployDirectory Web应用程序目录[D:\JavaDevelop\apache-tomcat-8.5.73\webapps\examples]的部署已在[424]毫秒内完成
18-Dec-2021 17:56:17.880 信息 [localhost-startStop-1] org.apache.catalina.startup.HostConfig.deployDirectory 把web 应用程序部署到目录 [D:\JavaDevelop\apache-tomcat-8.5.73\webapps\host-manager]
18-Dec-2021 17:56:17.922 信息 [localhost-startStop-1] org.apache.catalina.startup.HostConfig.deployDirectory Web应用程序目录[D:\JavaDevelop\apache-tomcat-8.5.73\webapps\host-manager]的部署已在[42]毫秒内完成
18-Dec-2021 17:56:17.946 信息 [localhost-startStop-1] org.apache.catalina.startup.HostConfig.deployDirectory 把web 应用程序部署到目录 [D:\JavaDevelop\apache-tomcat-8.5.73\webapps\manager]
18-Dec-2021 17:56:17.993 信息 [localhost-startStop-1] org.apache.catalina.startup.HostConfig.deployDirectory Web应用程序目录[D:\JavaDevelop\apache-tomcat-8.5.73\webapps\manager]的部署已在[47]毫秒内完成
18-Dec-2021 17:56:18.019 信息 [localhost-startStop-1] org.apache.catalina.startup.HostConfig.deployDirectory 把web 应用程序部署到目录 [D:\JavaDevelop\apache-tomcat-8.5.73\webapps\ROOT]
18-Dec-2021 17:56:18.050 信息 [localhost-startStop-1] org.apache.catalina.startup.HostConfig.deployDirectory Web应用程序目录[D:\JavaDevelop\apache-tomcat-8.5.73\webapps\ROOT]的部署已在[31]毫秒内完成
18-Dec-2021 17:56:18.054 信息 [main] org.apache.coyote.AbstractProtocol.start 开始协议处理句柄["http-nio-8080"]
18-Dec-2021 17:56:18.097 信息 [main] org.apache.catalina.startup.Catalina.start Server startup in 1115 ms
18-Dec-2021 17:56:25.583 信息 [main] org.apache.catalina.core.StandardServer.await 通过关闭端口接收到有效的关闭命令。正在停止服务器实例。
18-Dec-2021 17:56:25.608 信息 [main] org.apache.coyote.AbstractProtocol.pause 暂停ProtocolHandler["http-nio-8080"]
18-Dec-2021 17:56:25.631 信息 [main] org.apache.catalina.core.StandardService.stopInternal 正在停止服务[Catalina]
18-Dec-2021 17:56:25.667 信息 [main] org.apache.coyote.AbstractProtocol.stop 正在停止ProtocolHandler ["http-nio-8080"]
18-Dec-2021 17:56:25.670 信息 [main] org.apache.coyote.AbstractProtocol.destroy 正在摧毁协议处理器 ["http-nio-8080"]
18-Dec-2021 17:57:42.150 信息 [main] org.apache.catalina.startup.VersionLoggerListener.log Server.服务器版本: Apache Tomcat/8.5.73
18-Dec-2021 17:57:42.156 信息 [main] org.apache.catalina.startup.VersionLoggerListener.log 服务器构建:        Nov 11 2021 13:14:36 UTC
18-Dec-2021 17:57:42.156 信息 [main] org.apache.catalina.startup.VersionLoggerListener.log 服务器版本号:      8.5.73.0
18-Dec-2021 17:57:42.157 信息 [main] org.apache.catalina.startup.VersionLoggerListener.log 操作系统名称:      Windows 10
18-Dec-2021 17:57:42.157 信息 [main] org.apache.catalina.startup.VersionLoggerListener.log OS.版本:           10.0
18-Dec-2021 17:57:42.158 信息 [main] org.apache.catalina.startup.VersionLoggerListener.log 架构:              amd64
18-Dec-2021 17:57:42.158 信息 [main] org.apache.catalina.startup.VersionLoggerListener.log Java 环境变量:     C:\Program Files\Java\jdk-17.0.1
18-Dec-2021 17:57:42.158 信息 [main] org.apache.catalina.startup.VersionLoggerListener.log Java虚拟机版本:    17.0.1+12-LTS-39
18-Dec-2021 17:57:42.159 信息 [main] org.apache.catalina.startup.VersionLoggerListener.log JVM.供应商:        Oracle Corporation
18-Dec-2021 17:57:42.159 信息 [main] org.apache.catalina.startup.VersionLoggerListener.log CATALINA_BASE:     D:\JavaDevelop\apache-tomcat-8.5.73
18-Dec-2021 17:57:42.159 信息 [main] org.apache.catalina.startup.VersionLoggerListener.log CATALINA_HOME:     D:\JavaDevelop\apache-tomcat-8.5.73
18-Dec-2021 17:57:42.160 信息 [main] org.apache.catalina.startup.VersionLoggerListener.log 命令行参数：       --add-opens=java.base/java.lang=ALL-UNNAMED
18-Dec-2021 17:57:42.160 信息 [main] org.apache.catalina.startup.VersionLoggerListener.log 命令行参数：       --add-opens=java.base/java.io=ALL-UNNAMED
18-Dec-2021 17:57:42.160 信息 [main] org.apache.catalina.startup.VersionLoggerListener.log 命令行参数：       --add-opens=java.base/java.util=ALL-UNNAMED
18-Dec-2021 17:57:42.160 信息 [main] org.apache.catalina.startup.VersionLoggerListener.log 命令行参数：       --add-opens=java.base/java.util.concurrent=ALL-UNNAMED
18-Dec-2021 17:57:42.161 信息 [main] org.apache.catalina.startup.VersionLoggerListener.log 命令行参数：       --add-opens=java.rmi/sun.rmi.transport=ALL-UNNAMED
18-Dec-2021 17:57:42.161 信息 [main] org.apache.catalina.startup.VersionLoggerListener.log 命令行参数：       -Djava.util.logging.config.file=D:\JavaDevelop\apache-tomcat-8.5.73\conf\logging.properties
18-Dec-2021 17:57:42.161 信息 [main] org.apache.catalina.startup.VersionLoggerListener.log 命令行参数：       -Djava.util.logging.manager=org.apache.juli.ClassLoaderLogManager
18-Dec-2021 17:57:42.161 信息 [main] org.apache.catalina.startup.VersionLoggerListener.log 命令行参数：       -Djdk.tls.ephemeralDHKeySize=2048
18-Dec-2021 17:57:42.162 信息 [main] org.apache.catalina.startup.VersionLoggerListener.log 命令行参数：       -Djava.protocol.handler.pkgs=org.apache.catalina.webresources
18-Dec-2021 17:57:42.162 信息 [main] org.apache.catalina.startup.VersionLoggerListener.log 命令行参数：       -Dignore.endorsed.dirs=
18-Dec-2021 17:57:42.162 信息 [main] org.apache.catalina.startup.VersionLoggerListener.log 命令行参数：       -Dcatalina.base=D:\JavaDevelop\apache-tomcat-8.5.73
18-Dec-2021 17:57:42.162 信息 [main] org.apache.catalina.startup.VersionLoggerListener.log 命令行参数：       -Dcatalina.home=D:\JavaDevelop\apache-tomcat-8.5.73
18-Dec-2021 17:57:42.163 信息 [main] org.apache.catalina.startup.VersionLoggerListener.log 命令行参数：       -Djava.io.tmpdir=D:\JavaDevelop\apache-tomcat-8.5.73\temp
18-Dec-2021 17:57:42.163 信息 [main] org.apache.catalina.core.AprLifecycleListener.lifecycleEvent 使用APR版本[1.7.0]加载了基于APR的Apache Tomcat本机库[1.2.31]。
18-Dec-2021 17:57:42.163 信息 [main] org.apache.catalina.core.AprLifecycleListener.lifecycleEvent APR功能：IPv6[true]、sendfile[true]、accept filters[false]、random[true]。
18-Dec-2021 17:57:42.163 信息 [main] org.apache.catalina.core.AprLifecycleListener.lifecycleEvent APR/OpenSSL配置：useAprConnector[false]，useOpenSSL[true]
18-Dec-2021 17:57:42.170 信息 [main] org.apache.catalina.core.AprLifecycleListener.initializeSSL OpenSSL成功初始化 [OpenSSL 1.1.1l  24 Aug 2021]
18-Dec-2021 17:57:42.253 信息 [main] org.apache.coyote.AbstractProtocol.init 初始化协议处理器 ["http-nio-8080"]
18-Dec-2021 17:57:42.416 信息 [main] org.apache.tomcat.util.net.NioSelectorPool.getSharedSelector Using a shared selector for servlet write/read
18-Dec-2021 17:57:42.434 信息 [main] org.apache.catalina.startup.Catalina.load Initialization processed in 846 ms
18-Dec-2021 17:57:42.484 信息 [main] org.apache.catalina.core.StandardService.startInternal 正在启动服务[Catalina]
18-Dec-2021 17:57:42.484 信息 [main] org.apache.catalina.core.StandardEngine.startInternal 正在启动 Servlet 引擎：[Apache Tomcat/8.5.73]
18-Dec-2021 17:57:42.501 信息 [localhost-startStop-1] org.apache.catalina.startup.HostConfig.deployDirectory 把web 应用程序部署到目录 [D:\JavaDevelop\apache-tomcat-8.5.73\webapps\docs]
18-Dec-2021 17:57:42.860 信息 [localhost-startStop-1] org.apache.catalina.startup.HostConfig.deployDirectory Web应用程序目录[D:\JavaDevelop\apache-tomcat-8.5.73\webapps\docs]的部署已在[355]毫秒内完成
18-Dec-2021 17:57:42.883 信息 [localhost-startStop-1] org.apache.catalina.startup.HostConfig.deployDirectory 把web 应用程序部署到目录 [D:\JavaDevelop\apache-tomcat-8.5.73\webapps\examples]
18-Dec-2021 17:57:43.293 信息 [localhost-startStop-1] org.apache.catalina.startup.HostConfig.deployDirectory Web应用程序目录[D:\JavaDevelop\apache-tomcat-8.5.73\webapps\examples]的部署已在[410]毫秒内完成
18-Dec-2021 17:57:43.315 信息 [localhost-startStop-1] org.apache.catalina.startup.HostConfig.deployDirectory 把web 应用程序部署到目录 [D:\JavaDevelop\apache-tomcat-8.5.73\webapps\host-manager]
18-Dec-2021 17:57:43.357 信息 [localhost-startStop-1] org.apache.catalina.startup.HostConfig.deployDirectory Web应用程序目录[D:\JavaDevelop\apache-tomcat-8.5.73\webapps\host-manager]的部署已在[42]毫秒内完成
18-Dec-2021 17:57:43.379 信息 [localhost-startStop-1] org.apache.catalina.startup.HostConfig.deployDirectory 把web 应用程序部署到目录 [D:\JavaDevelop\apache-tomcat-8.5.73\webapps\manager]
18-Dec-2021 17:57:43.417 信息 [localhost-startStop-1] org.apache.catalina.startup.HostConfig.deployDirectory Web应用程序目录[D:\JavaDevelop\apache-tomcat-8.5.73\webapps\manager]的部署已在[37]毫秒内完成
18-Dec-2021 17:57:43.440 信息 [localhost-startStop-1] org.apache.catalina.startup.HostConfig.deployDirectory 把web 应用程序部署到目录 [D:\JavaDevelop\apache-tomcat-8.5.73\webapps\ROOT]
18-Dec-2021 17:57:43.468 信息 [localhost-startStop-1] org.apache.catalina.startup.HostConfig.deployDirectory Web应用程序目录[D:\JavaDevelop\apache-tomcat-8.5.73\webapps\ROOT]的部署已在[27]毫秒内完成
18-Dec-2021 17:57:43.478 信息 [main] org.apache.coyote.AbstractProtocol.start 开始协议处理句柄["http-nio-8080"]
18-Dec-2021 17:57:43.510 信息 [main] org.apache.catalina.startup.Catalina.start Server startup in 1076 ms
18-Dec-2021 17:57:47.414 信息 [main] org.apache.catalina.core.StandardServer.await 通过关闭端口接收到有效的关闭命令。正在停止服务器实例。
18-Dec-2021 17:57:47.425 信息 [main] org.apache.coyote.AbstractProtocol.pause 暂停ProtocolHandler["http-nio-8080"]
18-Dec-2021 17:57:47.448 信息 [main] org.apache.catalina.core.StandardService.stopInternal 正在停止服务[Catalina]
18-Dec-2021 17:57:47.479 信息 [main] org.apache.coyote.AbstractProtocol.stop 正在停止ProtocolHandler ["http-nio-8080"]
18-Dec-2021 17:57:47.482 信息 [main] org.apache.coyote.AbstractProtocol.destroy 正在摧毁协议处理器 ["http-nio-8080"]
18-Dec-2021 17:58:30.319 信息 [main] org.apache.catalina.startup.VersionLoggerListener.log Server.服务器版本: Apache Tomcat/8.5.73
18-Dec-2021 17:58:30.324 信息 [main] org.apache.catalina.startup.VersionLoggerListener.log 服务器构建:        Nov 11 2021 13:14:36 UTC
18-Dec-2021 17:58:30.325 信息 [main] org.apache.catalina.startup.VersionLoggerListener.log 服务器版本号:      8.5.73.0
18-Dec-2021 17:58:30.325 信息 [main] org.apache.catalina.startup.VersionLoggerListener.log 操作系统名称:      Windows 10
18-Dec-2021 17:58:30.325 信息 [main] org.apache.catalina.startup.VersionLoggerListener.log OS.版本:           10.0
18-Dec-2021 17:58:30.326 信息 [main] org.apache.catalina.startup.VersionLoggerListener.log 架构:              amd64
18-Dec-2021 17:58:30.326 信息 [main] org.apache.catalina.startup.VersionLoggerListener.log Java 环境变量:     C:\Program Files\Java\jdk-17.0.1
18-Dec-2021 17:58:30.326 信息 [main] org.apache.catalina.startup.VersionLoggerListener.log Java虚拟机版本:    17.0.1+12-LTS-39
18-Dec-2021 17:58:30.327 信息 [main] org.apache.catalina.startup.VersionLoggerListener.log JVM.供应商:        Oracle Corporation
18-Dec-2021 17:58:30.327 信息 [main] org.apache.catalina.startup.VersionLoggerListener.log CATALINA_BASE:     D:\JavaDevelop\apache-tomcat-8.5.73
18-Dec-2021 17:58:30.327 信息 [main] org.apache.catalina.startup.VersionLoggerListener.log CATALINA_HOME:     D:\JavaDevelop\apache-tomcat-8.5.73
18-Dec-2021 17:58:30.328 信息 [main] org.apache.catalina.startup.VersionLoggerListener.log 命令行参数：       --add-opens=java.base/java.lang=ALL-UNNAMED
18-Dec-2021 17:58:30.328 信息 [main] org.apache.catalina.startup.VersionLoggerListener.log 命令行参数：       --add-opens=java.base/java.io=ALL-UNNAMED
18-Dec-2021 17:58:30.328 信息 [main] org.apache.catalina.startup.VersionLoggerListener.log 命令行参数：       --add-opens=java.base/java.util=ALL-UNNAMED
18-Dec-2021 17:58:30.329 信息 [main] org.apache.catalina.startup.VersionLoggerListener.log 命令行参数：       --add-opens=java.base/java.util.concurrent=ALL-UNNAMED
18-Dec-2021 17:58:30.329 信息 [main] org.apache.catalina.startup.VersionLoggerListener.log 命令行参数：       --add-opens=java.rmi/sun.rmi.transport=ALL-UNNAMED
18-Dec-2021 17:58:30.329 信息 [main] org.apache.catalina.startup.VersionLoggerListener.log 命令行参数：       -Djava.util.logging.config.file=D:\JavaDevelop\apache-tomcat-8.5.73\conf\logging.properties
18-Dec-2021 17:58:30.329 信息 [main] org.apache.catalina.startup.VersionLoggerListener.log 命令行参数：       -Djava.util.logging.manager=org.apache.juli.ClassLoaderLogManager
18-Dec-2021 17:58:30.329 信息 [main] org.apache.catalina.startup.VersionLoggerListener.log 命令行参数：       -Djdk.tls.ephemeralDHKeySize=2048
18-Dec-2021 17:58:30.330 信息 [main] org.apache.catalina.startup.VersionLoggerListener.log 命令行参数：       -Djava.protocol.handler.pkgs=org.apache.catalina.webresources
18-Dec-2021 17:58:30.330 信息 [main] org.apache.catalina.startup.VersionLoggerListener.log 命令行参数：       -Dignore.endorsed.dirs=
18-Dec-2021 17:58:30.330 信息 [main] org.apache.catalina.startup.VersionLoggerListener.log 命令行参数：       -Dcatalina.base=D:\JavaDevelop\apache-tomcat-8.5.73
18-Dec-2021 17:58:30.330 信息 [main] org.apache.catalina.startup.VersionLoggerListener.log 命令行参数：       -Dcatalina.home=D:\JavaDevelop\apache-tomcat-8.5.73
18-Dec-2021 17:58:30.331 信息 [main] org.apache.catalina.startup.VersionLoggerListener.log 命令行参数：       -Djava.io.tmpdir=D:\JavaDevelop\apache-tomcat-8.5.73\temp
18-Dec-2021 17:58:30.331 信息 [main] org.apache.catalina.core.AprLifecycleListener.lifecycleEvent 使用APR版本[1.7.0]加载了基于APR的Apache Tomcat本机库[1.2.31]。
18-Dec-2021 17:58:30.331 信息 [main] org.apache.catalina.core.AprLifecycleListener.lifecycleEvent APR功能：IPv6[true]、sendfile[true]、accept filters[false]、random[true]。
18-Dec-2021 17:58:30.332 信息 [main] org.apache.catalina.core.AprLifecycleListener.lifecycleEvent APR/OpenSSL配置：useAprConnector[false]，useOpenSSL[true]
18-Dec-2021 17:58:30.338 信息 [main] org.apache.catalina.core.AprLifecycleListener.initializeSSL OpenSSL成功初始化 [OpenSSL 1.1.1l  24 Aug 2021]
18-Dec-2021 17:58:30.421 信息 [main] org.apache.coyote.AbstractProtocol.init 初始化协议处理器 ["http-nio-8080"]
18-Dec-2021 17:58:30.570 信息 [main] org.apache.tomcat.util.net.NioSelectorPool.getSharedSelector Using a shared selector for servlet write/read
18-Dec-2021 17:58:30.584 信息 [main] org.apache.catalina.startup.Catalina.load Initialization processed in 814 ms
18-Dec-2021 17:58:30.635 信息 [main] org.apache.catalina.core.StandardService.startInternal 正在启动服务[Catalina]
18-Dec-2021 17:58:30.636 信息 [main] org.apache.catalina.core.StandardEngine.startInternal 正在启动 Servlet 引擎：[Apache Tomcat/8.5.73]
18-Dec-2021 17:58:30.657 信息 [localhost-startStop-1] org.apache.catalina.startup.HostConfig.deployDirectory 把web 应用程序部署到目录 [D:\JavaDevelop\apache-tomcat-8.5.73\webapps\docs]
18-Dec-2021 17:58:30.997 信息 [localhost-startStop-1] org.apache.catalina.startup.HostConfig.deployDirectory Web应用程序目录[D:\JavaDevelop\apache-tomcat-8.5.73\webapps\docs]的部署已在[336]毫秒内完成
18-Dec-2021 17:58:31.017 信息 [localhost-startStop-1] org.apache.catalina.startup.HostConfig.deployDirectory 把web 应用程序部署到目录 [D:\JavaDevelop\apache-tomcat-8.5.73\webapps\examples]
18-Dec-2021 17:58:31.424 信息 [localhost-startStop-1] org.apache.catalina.startup.HostConfig.deployDirectory Web应用程序目录[D:\JavaDevelop\apache-tomcat-8.5.73\webapps\examples]的部署已在[407]毫秒内完成
18-Dec-2021 17:58:31.445 信息 [localhost-startStop-1] org.apache.catalina.startup.HostConfig.deployDirectory 把web 应用程序部署到目录 [D:\JavaDevelop\apache-tomcat-8.5.73\webapps\host-manager]
18-Dec-2021 17:58:31.487 信息 [localhost-startStop-1] org.apache.catalina.startup.HostConfig.deployDirectory Web应用程序目录[D:\JavaDevelop\apache-tomcat-8.5.73\webapps\host-manager]的部署已在[41]毫秒内完成
18-Dec-2021 17:58:31.518 信息 [localhost-startStop-1] org.apache.catalina.startup.HostConfig.deployDirectory 把web 应用程序部署到目录 [D:\JavaDevelop\apache-tomcat-8.5.73\webapps\manager]
18-Dec-2021 17:58:31.557 信息 [localhost-startStop-1] org.apache.catalina.startup.HostConfig.deployDirectory Web应用程序目录[D:\JavaDevelop\apache-tomcat-8.5.73\webapps\manager]的部署已在[39]毫秒内完成
18-Dec-2021 17:58:31.586 信息 [localhost-startStop-1] org.apache.catalina.startup.HostConfig.deployDirectory 把web 应用程序部署到目录 [D:\JavaDevelop\apache-tomcat-8.5.73\webapps\ROOT]
18-Dec-2021 17:58:31.613 信息 [localhost-startStop-1] org.apache.catalina.startup.HostConfig.deployDirectory Web应用程序目录[D:\JavaDevelop\apache-tomcat-8.5.73\webapps\ROOT]的部署已在[27]毫秒内完成
18-Dec-2021 17:58:31.618 信息 [main] org.apache.coyote.AbstractProtocol.start 开始协议处理句柄["http-nio-8080"]
18-Dec-2021 17:58:31.646 信息 [main] org.apache.catalina.startup.Catalina.start Server startup in 1061 ms
18-Dec-2021 17:59:16.533 信息 [main] org.apache.catalina.core.StandardServer.await 通过关闭端口接收到有效的关闭命令。正在停止服务器实例。
18-Dec-2021 17:59:16.546 信息 [main] org.apache.coyote.AbstractProtocol.pause 暂停ProtocolHandler["http-nio-8080"]
18-Dec-2021 17:59:16.581 信息 [main] org.apache.catalina.core.StandardService.stopInternal 正在停止服务[Catalina]
18-Dec-2021 17:59:16.625 信息 [main] org.apache.coyote.AbstractProtocol.stop 正在停止ProtocolHandler ["http-nio-8080"]
18-Dec-2021 17:59:16.628 信息 [main] org.apache.coyote.AbstractProtocol.destroy 正在摧毁协议处理器 ["http-nio-8080"]
18-Dec-2021 18:11:02.963 信息 [main] org.apache.catalina.startup.VersionLoggerListener.log Server.服务器版本: Apache Tomcat/8.5.73
18-Dec-2021 18:11:02.968 信息 [main] org.apache.catalina.startup.VersionLoggerListener.log 服务器构建:        Nov 11 2021 13:14:36 UTC
18-Dec-2021 18:11:02.968 信息 [main] org.apache.catalina.startup.VersionLoggerListener.log 服务器版本号:      8.5.73.0
18-Dec-2021 18:11:02.969 信息 [main] org.apache.catalina.startup.VersionLoggerListener.log 操作系统名称:      Windows 10
18-Dec-2021 18:11:02.969 信息 [main] org.apache.catalina.startup.VersionLoggerListener.log OS.版本:           10.0
18-Dec-2021 18:11:02.969 信息 [main] org.apache.catalina.startup.VersionLoggerListener.log 架构:              amd64
18-Dec-2021 18:11:02.969 信息 [main] org.apache.catalina.startup.VersionLoggerListener.log Java 环境变量:     C:\Program Files\Java\jdk-17.0.1
18-Dec-2021 18:11:02.970 信息 [main] org.apache.catalina.startup.VersionLoggerListener.log Java虚拟机版本:    17.0.1+12-LTS-39
18-Dec-2021 18:11:02.970 信息 [main] org.apache.catalina.startup.VersionLoggerListener.log JVM.供应商:        Oracle Corporation
18-Dec-2021 18:11:02.970 信息 [main] org.apache.catalina.startup.VersionLoggerListener.log CATALINA_BASE:     D:\JavaDevelop\apache-tomcat-8.5.73
18-Dec-2021 18:11:02.971 信息 [main] org.apache.catalina.startup.VersionLoggerListener.log CATALINA_HOME:     D:\JavaDevelop\apache-tomcat-8.5.73
18-Dec-2021 18:11:02.971 信息 [main] org.apache.catalina.startup.VersionLoggerListener.log 命令行参数：       --add-opens=java.base/java.lang=ALL-UNNAMED
18-Dec-2021 18:11:02.971 信息 [main] org.apache.catalina.startup.VersionLoggerListener.log 命令行参数：       --add-opens=java.base/java.io=ALL-UNNAMED
18-Dec-2021 18:11:02.972 信息 [main] org.apache.catalina.startup.VersionLoggerListener.log 命令行参数：       --add-opens=java.base/java.util=ALL-UNNAMED
18-Dec-2021 18:11:02.972 信息 [main] org.apache.catalina.startup.VersionLoggerListener.log 命令行参数：       --add-opens=java.base/java.util.concurrent=ALL-UNNAMED
18-Dec-2021 18:11:02.972 信息 [main] org.apache.catalina.startup.VersionLoggerListener.log 命令行参数：       --add-opens=java.rmi/sun.rmi.transport=ALL-UNNAMED
18-Dec-2021 18:11:02.972 信息 [main] org.apache.catalina.startup.VersionLoggerListener.log 命令行参数：       -Djava.util.logging.config.file=D:\JavaDevelop\apache-tomcat-8.5.73\conf\logging.properties
18-Dec-2021 18:11:02.973 信息 [main] org.apache.catalina.startup.VersionLoggerListener.log 命令行参数：       -Djava.util.logging.manager=org.apache.juli.ClassLoaderLogManager
18-Dec-2021 18:11:02.973 信息 [main] org.apache.catalina.startup.VersionLoggerListener.log 命令行参数：       -Djdk.tls.ephemeralDHKeySize=2048
18-Dec-2021 18:11:02.973 信息 [main] org.apache.catalina.startup.VersionLoggerListener.log 命令行参数：       -Djava.protocol.handler.pkgs=org.apache.catalina.webresources
18-Dec-2021 18:11:02.974 信息 [main] org.apache.catalina.startup.VersionLoggerListener.log 命令行参数：       -Dignore.endorsed.dirs=
18-Dec-2021 18:11:02.974 信息 [main] org.apache.catalina.startup.VersionLoggerListener.log 命令行参数：       -Dcatalina.base=D:\JavaDevelop\apache-tomcat-8.5.73
18-Dec-2021 18:11:02.974 信息 [main] org.apache.catalina.startup.VersionLoggerListener.log 命令行参数：       -Dcatalina.home=D:\JavaDevelop\apache-tomcat-8.5.73
18-Dec-2021 18:11:02.974 信息 [main] org.apache.catalina.startup.VersionLoggerListener.log 命令行参数：       -Djava.io.tmpdir=D:\JavaDevelop\apache-tomcat-8.5.73\temp
18-Dec-2021 18:11:02.975 信息 [main] org.apache.catalina.core.AprLifecycleListener.lifecycleEvent 使用APR版本[1.7.0]加载了基于APR的Apache Tomcat本机库[1.2.31]。
18-Dec-2021 18:11:02.975 信息 [main] org.apache.catalina.core.AprLifecycleListener.lifecycleEvent APR功能：IPv6[true]、sendfile[true]、accept filters[false]、random[true]。
18-Dec-2021 18:11:02.975 信息 [main] org.apache.catalina.core.AprLifecycleListener.lifecycleEvent APR/OpenSSL配置：useAprConnector[false]，useOpenSSL[true]
18-Dec-2021 18:11:02.981 信息 [main] org.apache.catalina.core.AprLifecycleListener.initializeSSL OpenSSL成功初始化 [OpenSSL 1.1.1l  24 Aug 2021]
18-Dec-2021 18:11:03.069 信息 [main] org.apache.coyote.AbstractProtocol.init 初始化协议处理器 ["http-nio-8080"]
18-Dec-2021 18:11:03.223 信息 [main] org.apache.tomcat.util.net.NioSelectorPool.getSharedSelector Using a shared selector for servlet write/read
18-Dec-2021 18:11:03.239 信息 [main] org.apache.catalina.startup.Catalina.load Initialization processed in 842 ms
18-Dec-2021 18:11:03.286 信息 [main] org.apache.catalina.core.StandardService.startInternal 正在启动服务[Catalina]
18-Dec-2021 18:11:03.286 信息 [main] org.apache.catalina.core.StandardEngine.startInternal 正在启动 Servlet 引擎：[Apache Tomcat/8.5.73]
18-Dec-2021 18:11:03.298 信息 [localhost-startStop-1] org.apache.catalina.startup.HostConfig.deployDirectory 把web 应用程序部署到目录 [D:\JavaDevelop\apache-tomcat-8.5.73\webapps\docs]
18-Dec-2021 18:11:03.640 信息 [localhost-startStop-1] org.apache.catalina.startup.HostConfig.deployDirectory Web应用程序目录[D:\JavaDevelop\apache-tomcat-8.5.73\webapps\docs]的部署已在[338]毫秒内完成
18-Dec-2021 18:11:03.662 信息 [localhost-startStop-1] org.apache.catalina.startup.HostConfig.deployDirectory 把web 应用程序部署到目录 [D:\JavaDevelop\apache-tomcat-8.5.73\webapps\examples]
18-Dec-2021 18:11:04.079 信息 [localhost-startStop-1] org.apache.catalina.startup.HostConfig.deployDirectory Web应用程序目录[D:\JavaDevelop\apache-tomcat-8.5.73\webapps\examples]的部署已在[418]毫秒内完成
18-Dec-2021 18:11:04.099 信息 [localhost-startStop-1] org.apache.catalina.startup.HostConfig.deployDirectory 把web 应用程序部署到目录 [D:\JavaDevelop\apache-tomcat-8.5.73\webapps\host-manager]
18-Dec-2021 18:11:04.141 信息 [localhost-startStop-1] org.apache.catalina.startup.HostConfig.deployDirectory Web应用程序目录[D:\JavaDevelop\apache-tomcat-8.5.73\webapps\host-manager]的部署已在[42]毫秒内完成
18-Dec-2021 18:11:04.142 信息 [localhost-startStop-1] org.apache.catalina.startup.HostConfig.deployDirectory 把web 应用程序部署到目录 [D:\JavaDevelop\apache-tomcat-8.5.73\webapps\manager]
18-Dec-2021 18:11:04.193 信息 [localhost-startStop-1] org.apache.catalina.startup.HostConfig.deployDirectory Web应用程序目录[D:\JavaDevelop\apache-tomcat-8.5.73\webapps\manager]的部署已在[50]毫秒内完成
18-Dec-2021 18:11:04.194 信息 [localhost-startStop-1] org.apache.catalina.startup.HostConfig.deployDirectory 把web 应用程序部署到目录 [D:\JavaDevelop\apache-tomcat-8.5.73\webapps\regist]
18-Dec-2021 18:11:04.245 信息 [localhost-startStop-1] org.apache.catalina.startup.HostConfig.deployDirectory Web应用程序目录[D:\JavaDevelop\apache-tomcat-8.5.73\webapps\regist]的部署已在[51]毫秒内完成
18-Dec-2021 18:11:04.246 信息 [localhost-startStop-1] org.apache.catalina.startup.HostConfig.deployDirectory 把web 应用程序部署到目录 [D:\JavaDevelop\apache-tomcat-8.5.73\webapps\ROOT]
18-Dec-2021 18:11:04.296 信息 [localhost-startStop-1] org.apache.catalina.startup.HostConfig.deployDirectory Web应用程序目录[D:\JavaDevelop\apache-tomcat-8.5.73\webapps\ROOT]的部署已在[50]毫秒内完成
18-Dec-2021 18:11:04.301 信息 [main] org.apache.coyote.AbstractProtocol.start 开始协议处理句柄["http-nio-8080"]
18-Dec-2021 18:11:04.324 信息 [main] org.apache.catalina.startup.Catalina.start Server startup in 1085 ms
18-Dec-2021 18:13:31.317 信息 [main] org.apache.catalina.core.StandardServer.await 通过关闭端口接收到有效的关闭命令。正在停止服务器实例。
18-Dec-2021 18:13:31.325 信息 [main] org.apache.coyote.AbstractProtocol.pause 暂停ProtocolHandler["http-nio-8080"]
18-Dec-2021 18:13:31.348 信息 [main] org.apache.catalina.core.StandardService.stopInternal 正在停止服务[Catalina]
18-Dec-2021 18:13:31.377 信息 [main] org.apache.coyote.AbstractProtocol.stop 正在停止ProtocolHandler ["http-nio-8080"]
18-Dec-2021 18:13:31.380 信息 [main] org.apache.coyote.AbstractProtocol.destroy 正在摧毁协议处理器 ["http-nio-8080"]
18-Dec-2021 18:16:10.819 信息 [main] org.apache.catalina.startup.VersionLoggerListener.log Server.服务器版本: Apache Tomcat/8.5.73
18-Dec-2021 18:16:10.823 信息 [main] org.apache.catalina.startup.VersionLoggerListener.log 服务器构建:        Nov 11 2021 13:14:36 UTC
18-Dec-2021 18:16:10.823 信息 [main] org.apache.catalina.startup.VersionLoggerListener.log 服务器版本号:      8.5.73.0
18-Dec-2021 18:16:10.823 信息 [main] org.apache.catalina.startup.VersionLoggerListener.log 操作系统名称:      Windows 10
18-Dec-2021 18:16:10.824 信息 [main] org.apache.catalina.startup.VersionLoggerListener.log OS.版本:           10.0
18-Dec-2021 18:16:10.824 信息 [main] org.apache.catalina.startup.VersionLoggerListener.log 架构:              amd64
18-Dec-2021 18:16:10.824 信息 [main] org.apache.catalina.startup.VersionLoggerListener.log Java 环境变量:     C:\Program Files\Java\jdk-17.0.1
18-Dec-2021 18:16:10.825 信息 [main] org.apache.catalina.startup.VersionLoggerListener.log Java虚拟机版本:    17.0.1+12-LTS-39
18-Dec-2021 18:16:10.825 信息 [main] org.apache.catalina.startup.VersionLoggerListener.log JVM.供应商:        Oracle Corporation
18-Dec-2021 18:16:10.826 信息 [main] org.apache.catalina.startup.VersionLoggerListener.log CATALINA_BASE:     D:\JavaDevelop\apache-tomcat-8.5.73
18-Dec-2021 18:16:10.826 信息 [main] org.apache.catalina.startup.VersionLoggerListener.log CATALINA_HOME:     D:\JavaDevelop\apache-tomcat-8.5.73
18-Dec-2021 18:16:10.827 信息 [main] org.apache.catalina.startup.VersionLoggerListener.log 命令行参数：       --add-opens=java.base/java.lang=ALL-UNNAMED
18-Dec-2021 18:16:10.827 信息 [main] org.apache.catalina.startup.VersionLoggerListener.log 命令行参数：       --add-opens=java.base/java.io=ALL-UNNAMED
18-Dec-2021 18:16:10.827 信息 [main] org.apache.catalina.startup.VersionLoggerListener.log 命令行参数：       --add-opens=java.base/java.util=ALL-UNNAMED
18-Dec-2021 18:16:10.828 信息 [main] org.apache.catalina.startup.VersionLoggerListener.log 命令行参数：       --add-opens=java.base/java.util.concurrent=ALL-UNNAMED
18-Dec-2021 18:16:10.828 信息 [main] org.apache.catalina.startup.VersionLoggerListener.log 命令行参数：       --add-opens=java.rmi/sun.rmi.transport=ALL-UNNAMED
18-Dec-2021 18:16:10.828 信息 [main] org.apache.catalina.startup.VersionLoggerListener.log 命令行参数：       -Djava.util.logging.config.file=D:\JavaDevelop\apache-tomcat-8.5.73\conf\logging.properties
18-Dec-2021 18:16:10.828 信息 [main] org.apache.catalina.startup.VersionLoggerListener.log 命令行参数：       -Djava.util.logging.manager=org.apache.juli.ClassLoaderLogManager
18-Dec-2021 18:16:10.829 信息 [main] org.apache.catalina.startup.VersionLoggerListener.log 命令行参数：       -Djdk.tls.ephemeralDHKeySize=2048
18-Dec-2021 18:16:10.829 信息 [main] org.apache.catalina.startup.VersionLoggerListener.log 命令行参数：       -Djava.protocol.handler.pkgs=org.apache.catalina.webresources
18-Dec-2021 18:16:10.829 信息 [main] org.apache.catalina.startup.VersionLoggerListener.log 命令行参数：       -Dignore.endorsed.dirs=
18-Dec-2021 18:16:10.829 信息 [main] org.apache.catalina.startup.VersionLoggerListener.log 命令行参数：       -Dcatalina.base=D:\JavaDevelop\apache-tomcat-8.5.73
18-Dec-2021 18:16:10.830 信息 [main] org.apache.catalina.startup.VersionLoggerListener.log 命令行参数：       -Dcatalina.home=D:\JavaDevelop\apache-tomcat-8.5.73
18-Dec-2021 18:16:10.830 信息 [main] org.apache.catalina.startup.VersionLoggerListener.log 命令行参数：       -Djava.io.tmpdir=D:\JavaDevelop\apache-tomcat-8.5.73\temp
18-Dec-2021 18:16:10.830 信息 [main] org.apache.catalina.core.AprLifecycleListener.lifecycleEvent 使用APR版本[1.7.0]加载了基于APR的Apache Tomcat本机库[1.2.31]。
18-Dec-2021 18:16:10.831 信息 [main] org.apache.catalina.core.AprLifecycleListener.lifecycleEvent APR功能：IPv6[true]、sendfile[true]、accept filters[false]、random[true]。
18-Dec-2021 18:16:10.831 信息 [main] org.apache.catalina.core.AprLifecycleListener.lifecycleEvent APR/OpenSSL配置：useAprConnector[false]，useOpenSSL[true]
18-Dec-2021 18:16:10.837 信息 [main] org.apache.catalina.core.AprLifecycleListener.initializeSSL OpenSSL成功初始化 [OpenSSL 1.1.1l  24 Aug 2021]
18-Dec-2021 18:16:10.928 信息 [main] org.apache.coyote.AbstractProtocol.init 初始化协议处理器 ["http-nio-8080"]
18-Dec-2021 18:16:11.089 信息 [main] org.apache.tomcat.util.net.NioSelectorPool.getSharedSelector Using a shared selector for servlet write/read
18-Dec-2021 18:16:11.104 信息 [main] org.apache.catalina.startup.Catalina.load Initialization processed in 907 ms
18-Dec-2021 18:16:11.166 信息 [main] org.apache.catalina.core.StandardService.startInternal 正在启动服务[Catalina]
18-Dec-2021 18:16:11.166 信息 [main] org.apache.catalina.core.StandardEngine.startInternal 正在启动 Servlet 引擎：[Apache Tomcat/8.5.73]
18-Dec-2021 18:16:11.182 信息 [localhost-startStop-1] org.apache.catalina.startup.HostConfig.deployDirectory 把web 应用程序部署到目录 [D:\JavaDevelop\apache-tomcat-8.5.73\webapps\docs]
18-Dec-2021 18:16:11.528 信息 [localhost-startStop-1] org.apache.catalina.startup.HostConfig.deployDirectory Web应用程序目录[D:\JavaDevelop\apache-tomcat-8.5.73\webapps\docs]的部署已在[345]毫秒内完成
18-Dec-2021 18:16:11.549 信息 [localhost-startStop-1] org.apache.catalina.startup.HostConfig.deployDirectory 把web 应用程序部署到目录 [D:\JavaDevelop\apache-tomcat-8.5.73\webapps\examples]
18-Dec-2021 18:16:11.958 信息 [localhost-startStop-1] org.apache.catalina.startup.HostConfig.deployDirectory Web应用程序目录[D:\JavaDevelop\apache-tomcat-8.5.73\webapps\examples]的部署已在[409]毫秒内完成
18-Dec-2021 18:16:11.983 信息 [localhost-startStop-1] org.apache.catalina.startup.HostConfig.deployDirectory 把web 应用程序部署到目录 [D:\JavaDevelop\apache-tomcat-8.5.73\webapps\host-manager]
18-Dec-2021 18:16:12.023 信息 [localhost-startStop-1] org.apache.catalina.startup.HostConfig.deployDirectory Web应用程序目录[D:\JavaDevelop\apache-tomcat-8.5.73\webapps\host-manager]的部署已在[40]毫秒内完成
18-Dec-2021 18:16:12.050 信息 [localhost-startStop-1] org.apache.catalina.startup.HostConfig.deployDirectory 把web 应用程序部署到目录 [D:\JavaDevelop\apache-tomcat-8.5.73\webapps\manager]
18-Dec-2021 18:16:12.088 信息 [localhost-startStop-1] org.apache.catalina.startup.HostConfig.deployDirectory Web应用程序目录[D:\JavaDevelop\apache-tomcat-8.5.73\webapps\manager]的部署已在[38]毫秒内完成
18-Dec-2021 18:16:12.114 信息 [localhost-startStop-1] org.apache.catalina.startup.HostConfig.deployDirectory 把web 应用程序部署到目录 [D:\JavaDevelop\apache-tomcat-8.5.73\webapps\regist]
18-Dec-2021 18:16:12.152 信息 [localhost-startStop-1] org.apache.catalina.startup.HostConfig.deployDirectory Web应用程序目录[D:\JavaDevelop\apache-tomcat-8.5.73\webapps\regist]的部署已在[38]毫秒内完成
18-Dec-2021 18:16:12.176 信息 [localhost-startStop-1] org.apache.catalina.startup.HostConfig.deployDirectory 把web 应用程序部署到目录 [D:\JavaDevelop\apache-tomcat-8.5.73\webapps\ROOT]
18-Dec-2021 18:16:12.206 信息 [localhost-startStop-1] org.apache.catalina.startup.HostConfig.deployDirectory Web应用程序目录[D:\JavaDevelop\apache-tomcat-8.5.73\webapps\ROOT]的部署已在[29]毫秒内完成
18-Dec-2021 18:16:12.211 信息 [main] org.apache.coyote.AbstractProtocol.start 开始协议处理句柄["http-nio-8080"]
18-Dec-2021 18:16:12.257 信息 [main] org.apache.catalina.startup.Catalina.start Server startup in 1152 ms
18-Dec-2021 18:20:35.592 信息 [main] org.apache.catalina.startup.VersionLoggerListener.log Server.服务器版本: Apache Tomcat/8.5.73
18-Dec-2021 18:20:35.597 信息 [main] org.apache.catalina.startup.VersionLoggerListener.log 服务器构建:        Nov 11 2021 13:14:36 UTC
18-Dec-2021 18:20:35.598 信息 [main] org.apache.catalina.startup.VersionLoggerListener.log 服务器版本号:      8.5.73.0
18-Dec-2021 18:20:35.598 信息 [main] org.apache.catalina.startup.VersionLoggerListener.log 操作系统名称:      Windows 10
18-Dec-2021 18:20:35.598 信息 [main] org.apache.catalina.startup.VersionLoggerListener.log OS.版本:           10.0
18-Dec-2021 18:20:35.599 信息 [main] org.apache.catalina.startup.VersionLoggerListener.log 架构:              amd64
18-Dec-2021 18:20:35.599 信息 [main] org.apache.catalina.startup.VersionLoggerListener.log Java 环境变量:     C:\Program Files\Java\jdk-17.0.1
18-Dec-2021 18:20:35.599 信息 [main] org.apache.catalina.startup.VersionLoggerListener.log Java虚拟机版本:    17.0.1+12-LTS-39
18-Dec-2021 18:20:35.599 信息 [main] org.apache.catalina.startup.VersionLoggerListener.log JVM.供应商:        Oracle Corporation
18-Dec-2021 18:20:35.600 信息 [main] org.apache.catalina.startup.VersionLoggerListener.log CATALINA_BASE:     D:\JavaDevelop\apache-tomcat-8.5.73
18-Dec-2021 18:20:35.600 信息 [main] org.apache.catalina.startup.VersionLoggerListener.log CATALINA_HOME:     D:\JavaDevelop\apache-tomcat-8.5.73
18-Dec-2021 18:20:35.601 信息 [main] org.apache.catalina.startup.VersionLoggerListener.log 命令行参数：       --add-opens=java.base/java.lang=ALL-UNNAMED
18-Dec-2021 18:20:35.601 信息 [main] org.apache.catalina.startup.VersionLoggerListener.log 命令行参数：       --add-opens=java.base/java.io=ALL-UNNAMED
18-Dec-2021 18:20:35.601 信息 [main] org.apache.catalina.startup.VersionLoggerListener.log 命令行参数：       --add-opens=java.base/java.util=ALL-UNNAMED
18-Dec-2021 18:20:35.601 信息 [main] org.apache.catalina.startup.VersionLoggerListener.log 命令行参数：       --add-opens=java.base/java.util.concurrent=ALL-UNNAMED
18-Dec-2021 18:20:35.602 信息 [main] org.apache.catalina.startup.VersionLoggerListener.log 命令行参数：       --add-opens=java.rmi/sun.rmi.transport=ALL-UNNAMED
18-Dec-2021 18:20:35.602 信息 [main] org.apache.catalina.startup.VersionLoggerListener.log 命令行参数：       -Djava.util.logging.config.file=D:\JavaDevelop\apache-tomcat-8.5.73\conf\logging.properties
18-Dec-2021 18:20:35.602 信息 [main] org.apache.catalina.startup.VersionLoggerListener.log 命令行参数：       -Djava.util.logging.manager=org.apache.juli.ClassLoaderLogManager
18-Dec-2021 18:20:35.603 信息 [main] org.apache.catalina.startup.VersionLoggerListener.log 命令行参数：       -Djdk.tls.ephemeralDHKeySize=2048
18-Dec-2021 18:20:35.603 信息 [main] org.apache.catalina.startup.VersionLoggerListener.log 命令行参数：       -Djava.protocol.handler.pkgs=org.apache.catalina.webresources
18-Dec-2021 18:20:35.603 信息 [main] org.apache.catalina.startup.VersionLoggerListener.log 命令行参数：       -Dignore.endorsed.dirs=
18-Dec-2021 18:20:35.604 信息 [main] org.apache.catalina.startup.VersionLoggerListener.log 命令行参数：       -Dcatalina.base=D:\JavaDevelop\apache-tomcat-8.5.73
18-Dec-2021 18:20:35.604 信息 [main] org.apache.catalina.startup.VersionLoggerListener.log 命令行参数：       -Dcatalina.home=D:\JavaDevelop\apache-tomcat-8.5.73
18-Dec-2021 18:20:35.604 信息 [main] org.apache.catalina.startup.VersionLoggerListener.log 命令行参数：       -Djava.io.tmpdir=D:\JavaDevelop\apache-tomcat-8.5.73\temp
18-Dec-2021 18:20:35.604 信息 [main] org.apache.catalina.core.AprLifecycleListener.lifecycleEvent 使用APR版本[1.7.0]加载了基于APR的Apache Tomcat本机库[1.2.31]。
18-Dec-2021 18:20:35.605 信息 [main] org.apache.catalina.core.AprLifecycleListener.lifecycleEvent APR功能：IPv6[true]、sendfile[true]、accept filters[false]、random[true]。
18-Dec-2021 18:20:35.605 信息 [main] org.apache.catalina.core.AprLifecycleListener.lifecycleEvent APR/OpenSSL配置：useAprConnector[false]，useOpenSSL[true]
18-Dec-2021 18:20:35.612 信息 [main] org.apache.catalina.core.AprLifecycleListener.initializeSSL OpenSSL成功初始化 [OpenSSL 1.1.1l  24 Aug 2021]
18-Dec-2021 18:20:35.707 信息 [main] org.apache.coyote.AbstractProtocol.init 初始化协议处理器 ["http-nio-8080"]
18-Dec-2021 18:20:35.873 信息 [main] org.apache.tomcat.util.net.NioSelectorPool.getSharedSelector Using a shared selector for servlet write/read
18-Dec-2021 18:20:35.891 信息 [main] org.apache.catalina.startup.Catalina.load Initialization processed in 884 ms
18-Dec-2021 18:20:35.952 信息 [main] org.apache.catalina.core.StandardService.startInternal 正在启动服务[Catalina]
18-Dec-2021 18:20:35.953 信息 [main] org.apache.catalina.core.StandardEngine.startInternal 正在启动 Servlet 引擎：[Apache Tomcat/8.5.73]
18-Dec-2021 18:20:35.967 信息 [localhost-startStop-1] org.apache.catalina.startup.HostConfig.deployDirectory 把web 应用程序部署到目录 [D:\JavaDevelop\apache-tomcat-8.5.73\webapps\docs]
18-Dec-2021 18:20:36.318 信息 [localhost-startStop-1] org.apache.catalina.startup.HostConfig.deployDirectory Web应用程序目录[D:\JavaDevelop\apache-tomcat-8.5.73\webapps\docs]的部署已在[347]毫秒内完成
18-Dec-2021 18:20:36.338 信息 [localhost-startStop-1] org.apache.catalina.startup.HostConfig.deployDirectory 把web 应用程序部署到目录 [D:\JavaDevelop\apache-tomcat-8.5.73\webapps\examples]
18-Dec-2021 18:20:36.747 信息 [localhost-startStop-1] org.apache.catalina.startup.HostConfig.deployDirectory Web应用程序目录[D:\JavaDevelop\apache-tomcat-8.5.73\webapps\examples]的部署已在[409]毫秒内完成
18-Dec-2021 18:20:36.768 信息 [localhost-startStop-1] org.apache.catalina.startup.HostConfig.deployDirectory 把web 应用程序部署到目录 [D:\JavaDevelop\apache-tomcat-8.5.73\webapps\host-manager]
18-Dec-2021 18:20:36.818 信息 [localhost-startStop-1] org.apache.catalina.startup.HostConfig.deployDirectory Web应用程序目录[D:\JavaDevelop\apache-tomcat-8.5.73\webapps\host-manager]的部署已在[50]毫秒内完成
18-Dec-2021 18:20:36.841 信息 [localhost-startStop-1] org.apache.catalina.startup.HostConfig.deployDirectory 把web 应用程序部署到目录 [D:\JavaDevelop\apache-tomcat-8.5.73\webapps\manager]
18-Dec-2021 18:20:36.890 信息 [localhost-startStop-1] org.apache.catalina.startup.HostConfig.deployDirectory Web应用程序目录[D:\JavaDevelop\apache-tomcat-8.5.73\webapps\manager]的部署已在[48]毫秒内完成
18-Dec-2021 18:20:36.914 信息 [localhost-startStop-1] org.apache.catalina.startup.HostConfig.deployDirectory 把web 应用程序部署到目录 [D:\JavaDevelop\apache-tomcat-8.5.73\webapps\regist]
18-Dec-2021 18:20:36.950 信息 [localhost-startStop-1] org.apache.catalina.startup.HostConfig.deployDirectory Web应用程序目录[D:\JavaDevelop\apache-tomcat-8.5.73\webapps\regist]的部署已在[36]毫秒内完成
18-Dec-2021 18:20:36.953 信息 [localhost-startStop-1] org.apache.catalina.startup.HostConfig.deployDirectory 把web 应用程序部署到目录 [D:\JavaDevelop\apache-tomcat-8.5.73\webapps\ROOT]
18-Dec-2021 18:20:37.007 信息 [localhost-startStop-1] org.apache.catalina.startup.HostConfig.deployDirectory Web应用程序目录[D:\JavaDevelop\apache-tomcat-8.5.73\webapps\ROOT]的部署已在[53]毫秒内完成
18-Dec-2021 18:20:37.012 信息 [main] org.apache.coyote.AbstractProtocol.start 开始协议处理句柄["http-nio-8080"]
18-Dec-2021 18:20:37.029 信息 [main] org.apache.catalina.startup.Catalina.start Server startup in 1137 ms
18-Dec-2021 18:23:21.608 信息 [main] org.apache.catalina.startup.VersionLoggerListener.log Server.服务器版本: Apache Tomcat/8.5.73
18-Dec-2021 18:23:21.616 信息 [main] org.apache.catalina.startup.VersionLoggerListener.log 服务器构建:        Nov 11 2021 13:14:36 UTC
18-Dec-2021 18:23:21.616 信息 [main] org.apache.catalina.startup.VersionLoggerListener.log 服务器版本号:      8.5.73.0
18-Dec-2021 18:23:21.618 信息 [main] org.apache.catalina.startup.VersionLoggerListener.log 操作系统名称:      Windows 10
18-Dec-2021 18:23:21.618 信息 [main] org.apache.catalina.startup.VersionLoggerListener.log OS.版本:           10.0
18-Dec-2021 18:23:21.619 信息 [main] org.apache.catalina.startup.VersionLoggerListener.log 架构:              amd64
18-Dec-2021 18:23:21.619 信息 [main] org.apache.catalina.startup.VersionLoggerListener.log Java 环境变量:     C:\Program Files\Java\jdk-17.0.1
18-Dec-2021 18:23:21.620 信息 [main] org.apache.catalina.startup.VersionLoggerListener.log Java虚拟机版本:    17.0.1+12-LTS-39
18-Dec-2021 18:23:21.621 信息 [main] org.apache.catalina.startup.VersionLoggerListener.log JVM.供应商:        Oracle Corporation
18-Dec-2021 18:23:21.621 信息 [main] org.apache.catalina.startup.VersionLoggerListener.log CATALINA_BASE:     D:\JavaDevelop\apache-tomcat-8.5.73
18-Dec-2021 18:23:21.621 信息 [main] org.apache.catalina.startup.VersionLoggerListener.log CATALINA_HOME:     D:\JavaDevelop\apache-tomcat-8.5.73
18-Dec-2021 18:23:21.622 信息 [main] org.apache.catalina.startup.VersionLoggerListener.log 命令行参数：       --add-opens=java.base/java.lang=ALL-UNNAMED
18-Dec-2021 18:23:21.622 信息 [main] org.apache.catalina.startup.VersionLoggerListener.log 命令行参数：       --add-opens=java.base/java.io=ALL-UNNAMED
18-Dec-2021 18:23:21.622 信息 [main] org.apache.catalina.startup.VersionLoggerListener.log 命令行参数：       --add-opens=java.base/java.util=ALL-UNNAMED
18-Dec-2021 18:23:21.623 信息 [main] org.apache.catalina.startup.VersionLoggerListener.log 命令行参数：       --add-opens=java.base/java.util.concurrent=ALL-UNNAMED
18-Dec-2021 18:23:21.623 信息 [main] org.apache.catalina.startup.VersionLoggerListener.log 命令行参数：       --add-opens=java.rmi/sun.rmi.transport=ALL-UNNAMED
18-Dec-2021 18:23:21.623 信息 [main] org.apache.catalina.startup.VersionLoggerListener.log 命令行参数：       -Djava.util.logging.config.file=D:\JavaDevelop\apache-tomcat-8.5.73\conf\logging.properties
18-Dec-2021 18:23:21.624 信息 [main] org.apache.catalina.startup.VersionLoggerListener.log 命令行参数：       -Djava.util.logging.manager=org.apache.juli.ClassLoaderLogManager
18-Dec-2021 18:23:21.624 信息 [main] org.apache.catalina.startup.VersionLoggerListener.log 命令行参数：       -Djdk.tls.ephemeralDHKeySize=2048
18-Dec-2021 18:23:21.624 信息 [main] org.apache.catalina.startup.VersionLoggerListener.log 命令行参数：       -Djava.protocol.handler.pkgs=org.apache.catalina.webresources
18-Dec-2021 18:23:21.624 信息 [main] org.apache.catalina.startup.VersionLoggerListener.log 命令行参数：       -Dignore.endorsed.dirs=
18-Dec-2021 18:23:21.625 信息 [main] org.apache.catalina.startup.VersionLoggerListener.log 命令行参数：       -Dcatalina.base=D:\JavaDevelop\apache-tomcat-8.5.73
18-Dec-2021 18:23:21.625 信息 [main] org.apache.catalina.startup.VersionLoggerListener.log 命令行参数：       -Dcatalina.home=D:\JavaDevelop\apache-tomcat-8.5.73
18-Dec-2021 18:23:21.625 信息 [main] org.apache.catalina.startup.VersionLoggerListener.log 命令行参数：       -Djava.io.tmpdir=D:\JavaDevelop\apache-tomcat-8.5.73\temp
18-Dec-2021 18:23:21.625 信息 [main] org.apache.catalina.core.AprLifecycleListener.lifecycleEvent 使用APR版本[1.7.0]加载了基于APR的Apache Tomcat本机库[1.2.31]。
18-Dec-2021 18:23:21.626 信息 [main] org.apache.catalina.core.AprLifecycleListener.lifecycleEvent APR功能：IPv6[true]、sendfile[true]、accept filters[false]、random[true]。
18-Dec-2021 18:23:21.626 信息 [main] org.apache.catalina.core.AprLifecycleListener.lifecycleEvent APR/OpenSSL配置：useAprConnector[false]，useOpenSSL[true]
18-Dec-2021 18:23:21.631 信息 [main] org.apache.catalina.core.AprLifecycleListener.initializeSSL OpenSSL成功初始化 [OpenSSL 1.1.1l  24 Aug 2021]
18-Dec-2021 18:23:21.734 信息 [main] org.apache.coyote.AbstractProtocol.init 初始化协议处理器 ["http-nio-8080"]
18-Dec-2021 18:23:21.888 信息 [main] org.apache.tomcat.util.net.NioSelectorPool.getSharedSelector Using a shared selector for servlet write/read
18-Dec-2021 18:23:21.907 信息 [main] org.apache.catalina.startup.Catalina.load Initialization processed in 878 ms
18-Dec-2021 18:23:21.966 信息 [main] org.apache.catalina.core.StandardService.startInternal 正在启动服务[Catalina]
18-Dec-2021 18:23:21.966 信息 [main] org.apache.catalina.core.StandardEngine.startInternal 正在启动 Servlet 引擎：[Apache Tomcat/8.5.73]
18-Dec-2021 18:23:21.981 信息 [localhost-startStop-1] org.apache.catalina.startup.HostConfig.deployDirectory 把web 应用程序部署到目录 [D:\JavaDevelop\apache-tomcat-8.5.73\webapps\docs]
18-Dec-2021 18:23:22.340 信息 [localhost-startStop-1] org.apache.catalina.startup.HostConfig.deployDirectory Web应用程序目录[D:\JavaDevelop\apache-tomcat-8.5.73\webapps\docs]的部署已在[357]毫秒内完成
18-Dec-2021 18:23:22.368 信息 [localhost-startStop-1] org.apache.catalina.startup.HostConfig.deployDirectory 把web 应用程序部署到目录 [D:\JavaDevelop\apache-tomcat-8.5.73\webapps\examples]
18-Dec-2021 18:23:22.789 信息 [localhost-startStop-1] org.apache.catalina.startup.HostConfig.deployDirectory Web应用程序目录[D:\JavaDevelop\apache-tomcat-8.5.73\webapps\examples]的部署已在[421]毫秒内完成
18-Dec-2021 18:23:22.814 信息 [localhost-startStop-1] org.apache.catalina.startup.HostConfig.deployDirectory 把web 应用程序部署到目录 [D:\JavaDevelop\apache-tomcat-8.5.73\webapps\host-manager]
18-Dec-2021 18:23:22.857 信息 [localhost-startStop-1] org.apache.catalina.startup.HostConfig.deployDirectory Web应用程序目录[D:\JavaDevelop\apache-tomcat-8.5.73\webapps\host-manager]的部署已在[43]毫秒内完成
18-Dec-2021 18:23:22.881 信息 [localhost-startStop-1] org.apache.catalina.startup.HostConfig.deployDirectory 把web 应用程序部署到目录 [D:\JavaDevelop\apache-tomcat-8.5.73\webapps\manager]
18-Dec-2021 18:23:22.926 信息 [localhost-startStop-1] org.apache.catalina.startup.HostConfig.deployDirectory Web应用程序目录[D:\JavaDevelop\apache-tomcat-8.5.73\webapps\manager]的部署已在[45]毫秒内完成
18-Dec-2021 18:23:22.951 信息 [localhost-startStop-1] org.apache.catalina.startup.HostConfig.deployDirectory 把web 应用程序部署到目录 [D:\JavaDevelop\apache-tomcat-8.5.73\webapps\regist]
18-Dec-2021 18:23:22.989 信息 [localhost-startStop-1] org.apache.catalina.startup.HostConfig.deployDirectory Web应用程序目录[D:\JavaDevelop\apache-tomcat-8.5.73\webapps\regist]的部署已在[37]毫秒内完成
18-Dec-2021 18:23:23.010 信息 [localhost-startStop-1] org.apache.catalina.startup.HostConfig.deployDirectory 把web 应用程序部署到目录 [D:\JavaDevelop\apache-tomcat-8.5.73\webapps\ROOT]
18-Dec-2021 18:23:23.033 信息 [localhost-startStop-1] org.apache.catalina.startup.HostConfig.deployDirectory Web应用程序目录[D:\JavaDevelop\apache-tomcat-8.5.73\webapps\ROOT]的部署已在[23]毫秒内完成
18-Dec-2021 18:23:23.039 信息 [main] org.apache.coyote.AbstractProtocol.start 开始协议处理句柄["http-nio-8080"]
18-Dec-2021 18:23:23.061 信息 [main] org.apache.catalina.startup.Catalina.start Server startup in 1153 ms
18-Dec-2021 18:24:18.173 信息 [main] org.apache.catalina.startup.VersionLoggerListener.log Server.服务器版本: Apache Tomcat/8.5.73
18-Dec-2021 18:24:18.182 信息 [main] org.apache.catalina.startup.VersionLoggerListener.log 服务器构建:        Nov 11 2021 13:14:36 UTC
18-Dec-2021 18:24:18.182 信息 [main] org.apache.catalina.startup.VersionLoggerListener.log 服务器版本号:      8.5.73.0
18-Dec-2021 18:24:18.183 信息 [main] org.apache.catalina.startup.VersionLoggerListener.log 操作系统名称:      Windows 10
18-Dec-2021 18:24:18.184 信息 [main] org.apache.catalina.startup.VersionLoggerListener.log OS.版本:           10.0
18-Dec-2021 18:24:18.184 信息 [main] org.apache.catalina.startup.VersionLoggerListener.log 架构:              amd64
18-Dec-2021 18:24:18.184 信息 [main] org.apache.catalina.startup.VersionLoggerListener.log Java 环境变量:     C:\Program Files\Java\jdk-17.0.1
18-Dec-2021 18:24:18.185 信息 [main] org.apache.catalina.startup.VersionLoggerListener.log Java虚拟机版本:    17.0.1+12-LTS-39
18-Dec-2021 18:24:18.186 信息 [main] org.apache.catalina.startup.VersionLoggerListener.log JVM.供应商:        Oracle Corporation
18-Dec-2021 18:24:18.186 信息 [main] org.apache.catalina.startup.VersionLoggerListener.log CATALINA_BASE:     D:\JavaDevelop\apache-tomcat-8.5.73
18-Dec-2021 18:24:18.186 信息 [main] org.apache.catalina.startup.VersionLoggerListener.log CATALINA_HOME:     D:\JavaDevelop\apache-tomcat-8.5.73
18-Dec-2021 18:24:18.187 信息 [main] org.apache.catalina.startup.VersionLoggerListener.log 命令行参数：       --add-opens=java.base/java.lang=ALL-UNNAMED
18-Dec-2021 18:24:18.187 信息 [main] org.apache.catalina.startup.VersionLoggerListener.log 命令行参数：       --add-opens=java.base/java.io=ALL-UNNAMED
18-Dec-2021 18:24:18.187 信息 [main] org.apache.catalina.startup.VersionLoggerListener.log 命令行参数：       --add-opens=java.base/java.util=ALL-UNNAMED
18-Dec-2021 18:24:18.187 信息 [main] org.apache.catalina.startup.VersionLoggerListener.log 命令行参数：       --add-opens=java.base/java.util.concurrent=ALL-UNNAMED
18-Dec-2021 18:24:18.188 信息 [main] org.apache.catalina.startup.VersionLoggerListener.log 命令行参数：       --add-opens=java.rmi/sun.rmi.transport=ALL-UNNAMED
18-Dec-2021 18:24:18.188 信息 [main] org.apache.catalina.startup.VersionLoggerListener.log 命令行参数：       -Djava.util.logging.config.file=D:\JavaDevelop\apache-tomcat-8.5.73\conf\logging.properties
18-Dec-2021 18:24:18.188 信息 [main] org.apache.catalina.startup.VersionLoggerListener.log 命令行参数：       -Djava.util.logging.manager=org.apache.juli.ClassLoaderLogManager
18-Dec-2021 18:24:18.188 信息 [main] org.apache.catalina.startup.VersionLoggerListener.log 命令行参数：       -Djdk.tls.ephemeralDHKeySize=2048
18-Dec-2021 18:24:18.188 信息 [main] org.apache.catalina.startup.VersionLoggerListener.log 命令行参数：       -Djava.protocol.handler.pkgs=org.apache.catalina.webresources
18-Dec-2021 18:24:18.189 信息 [main] org.apache.catalina.startup.VersionLoggerListener.log 命令行参数：       -Dignore.endorsed.dirs=
18-Dec-2021 18:24:18.189 信息 [main] org.apache.catalina.startup.VersionLoggerListener.log 命令行参数：       -Dcatalina.base=D:\JavaDevelop\apache-tomcat-8.5.73
18-Dec-2021 18:24:18.189 信息 [main] org.apache.catalina.startup.VersionLoggerListener.log 命令行参数：       -Dcatalina.home=D:\JavaDevelop\apache-tomcat-8.5.73
18-Dec-2021 18:24:18.190 信息 [main] org.apache.catalina.startup.VersionLoggerListener.log 命令行参数：       -Djava.io.tmpdir=D:\JavaDevelop\apache-tomcat-8.5.73\temp
18-Dec-2021 18:24:18.190 信息 [main] org.apache.catalina.core.AprLifecycleListener.lifecycleEvent 使用APR版本[1.7.0]加载了基于APR的Apache Tomcat本机库[1.2.31]。
18-Dec-2021 18:24:18.190 信息 [main] org.apache.catalina.core.AprLifecycleListener.lifecycleEvent APR功能：IPv6[true]、sendfile[true]、accept filters[false]、random[true]。
18-Dec-2021 18:24:18.191 信息 [main] org.apache.catalina.core.AprLifecycleListener.lifecycleEvent APR/OpenSSL配置：useAprConnector[false]，useOpenSSL[true]
18-Dec-2021 18:24:18.198 信息 [main] org.apache.catalina.core.AprLifecycleListener.initializeSSL OpenSSL成功初始化 [OpenSSL 1.1.1l  24 Aug 2021]
18-Dec-2021 18:24:18.310 信息 [main] org.apache.coyote.AbstractProtocol.init 初始化协议处理器 ["http-nio-8080"]
18-Dec-2021 18:24:18.472 信息 [main] org.apache.tomcat.util.net.NioSelectorPool.getSharedSelector Using a shared selector for servlet write/read
18-Dec-2021 18:24:18.489 信息 [main] org.apache.catalina.startup.Catalina.load Initialization processed in 876 ms
18-Dec-2021 18:24:18.544 信息 [main] org.apache.catalina.core.StandardService.startInternal 正在启动服务[Catalina]
18-Dec-2021 18:24:18.545 信息 [main] org.apache.catalina.core.StandardEngine.startInternal 正在启动 Servlet 引擎：[Apache Tomcat/8.5.73]
18-Dec-2021 18:24:18.568 信息 [localhost-startStop-1] org.apache.catalina.startup.HostConfig.deployDirectory 把web 应用程序部署到目录 [D:\JavaDevelop\apache-tomcat-8.5.73\webapps\docs]
18-Dec-2021 18:24:18.935 信息 [localhost-startStop-1] org.apache.catalina.startup.HostConfig.deployDirectory Web应用程序目录[D:\JavaDevelop\apache-tomcat-8.5.73\webapps\docs]的部署已在[364]毫秒内完成
18-Dec-2021 18:24:18.962 信息 [localhost-startStop-1] org.apache.catalina.startup.HostConfig.deployDirectory 把web 应用程序部署到目录 [D:\JavaDevelop\apache-tomcat-8.5.73\webapps\examples]
18-Dec-2021 18:24:19.386 信息 [localhost-startStop-1] org.apache.catalina.startup.HostConfig.deployDirectory Web应用程序目录[D:\JavaDevelop\apache-tomcat-8.5.73\webapps\examples]的部署已在[423]毫秒内完成
18-Dec-2021 18:24:19.409 信息 [localhost-startStop-1] org.apache.catalina.startup.HostConfig.deployDirectory 把web 应用程序部署到目录 [D:\JavaDevelop\apache-tomcat-8.5.73\webapps\host-manager]
18-Dec-2021 18:24:19.455 信息 [localhost-startStop-1] org.apache.catalina.startup.HostConfig.deployDirectory Web应用程序目录[D:\JavaDevelop\apache-tomcat-8.5.73\webapps\host-manager]的部署已在[45]毫秒内完成
18-Dec-2021 18:24:19.478 信息 [localhost-startStop-1] org.apache.catalina.startup.HostConfig.deployDirectory 把web 应用程序部署到目录 [D:\JavaDevelop\apache-tomcat-8.5.73\webapps\manager]
18-Dec-2021 18:24:19.525 信息 [localhost-startStop-1] org.apache.catalina.startup.HostConfig.deployDirectory Web应用程序目录[D:\JavaDevelop\apache-tomcat-8.5.73\webapps\manager]的部署已在[48]毫秒内完成
18-Dec-2021 18:24:19.551 信息 [localhost-startStop-1] org.apache.catalina.startup.HostConfig.deployDirectory 把web 应用程序部署到目录 [D:\JavaDevelop\apache-tomcat-8.5.73\webapps\regist]
18-Dec-2021 18:24:19.591 信息 [localhost-startStop-1] org.apache.catalina.startup.HostConfig.deployDirectory Web应用程序目录[D:\JavaDevelop\apache-tomcat-8.5.73\webapps\regist]的部署已在[40]毫秒内完成
18-Dec-2021 18:24:19.614 信息 [localhost-startStop-1] org.apache.catalina.startup.HostConfig.deployDirectory 把web 应用程序部署到目录 [D:\JavaDevelop\apache-tomcat-8.5.73\webapps\ROOT]
18-Dec-2021 18:24:19.641 信息 [localhost-startStop-1] org.apache.catalina.startup.HostConfig.deployDirectory Web应用程序目录[D:\JavaDevelop\apache-tomcat-8.5.73\webapps\ROOT]的部署已在[27]毫秒内完成
18-Dec-2021 18:24:19.646 信息 [main] org.apache.coyote.AbstractProtocol.start 开始协议处理句柄["http-nio-8080"]
18-Dec-2021 18:24:19.667 信息 [main] org.apache.catalina.startup.Catalina.start Server startup in 1177 ms
